2024-01-11T22:33:25.4785294+08:00 [DBG] (Microsoft.AspNetCore.Mvc.ModelBinding.ModelBinderFactory) Registered model binder providers, in the following order: ["Microsoft.AspNetCore.Mvc.ModelBinding.Binders.BinderTypeModelBinderProvider", "Microsoft.AspNetCore.Mvc.ModelBinding.Binders.ServicesModelBinderProvider", "Microsoft.AspNetCore.Mvc.ModelBinding.Binders.BodyModelBinderProvider", "Microsoft.AspNetCore.Mvc.ModelBinding.Binders.HeaderModelBinderProvider", "Microsoft.AspNetCore.Mvc.ModelBinding.Binders.FloatingPointTypeModelBinderProvider", "Microsoft.AspNetCore.Mvc.ModelBinding.Binders.EnumTypeModelBinderProvider", "Microsoft.AspNetCore.Mvc.ModelBinding.Binders.DateTimeModelBinderProvider", "Microsoft.AspNetCore.Mvc.ModelBinding.Binders.SimpleTypeModelBinderProvider", "Microsoft.AspNetCore.Mvc.ModelBinding.Binders.TryParseModelBinderProvider", "Microsoft.AspNetCore.Mvc.ModelBinding.Binders.CancellationTokenModelBinderProvider", "Microsoft.AspNetCore.Mvc.ModelBinding.Binders.ByteArrayModelBinderProvider", "Microsoft.AspNetCore.Mvc.ModelBinding.Binders.FormFileModelBinderProvider", "Microsoft.AspNetCore.Mvc.ModelBinding.Binders.FormCollectionModelBinderProvider", "Microsoft.AspNetCore.Mvc.ModelBinding.Binders.KeyValuePairModelBinderProvider", "Microsoft.AspNetCore.Mvc.ModelBinding.Binders.DictionaryModelBinderProvider", "Microsoft.AspNetCore.Mvc.ModelBinding.Binders.ArrayModelBinderProvider", "Microsoft.AspNetCore.Mvc.ModelBinding.Binders.CollectionModelBinderProvider", "Microsoft.AspNetCore.Mvc.ModelBinding.Binders.ComplexObjectModelBinderProvider"]
2024-01-11T22:33:25.6674808+08:00 [DBG] (Microsoft.Extensions.Hosting.Internal.Host) Hosting starting
2024-01-11T22:33:25.8123026+08:00 [INF] (Microsoft.Hosting.Lifetime) Now listening on: "http://localhost:5000"
2024-01-11T22:33:25.8124754+08:00 [DBG] (Microsoft.AspNetCore.Hosting.Diagnostics) Loaded hosting startup assembly "IMS.WebApi"
2024-01-11T22:33:25.8127384+08:00 [INF] (Microsoft.Hosting.Lifetime) Application started. Press Ctrl+C to shut down.
2024-01-11T22:33:25.8129300+08:00 [INF] (Microsoft.Hosting.Lifetime) Hosting environment: "Development"
2024-01-11T22:33:25.8129616+08:00 [INF] (Microsoft.Hosting.Lifetime) Content root path: "/home/aliuddin/Documents/projek sendiri/code/IMS/IMS.WebApi"
2024-01-11T22:33:25.8130216+08:00 [DBG] (Microsoft.Extensions.Hosting.Internal.Host) Hosting started
2024-01-11T22:33:26.2149128+08:00 [DBG] (Microsoft.AspNetCore.Server.Kestrel.Connections) Connection id ""0HN0IM92QNU0F"" accepted.
2024-01-11T22:33:26.2154339+08:00 [DBG] (Microsoft.AspNetCore.Server.Kestrel.Connections) Connection id ""0HN0IM92QNU0G"" accepted.
2024-01-11T22:33:26.2157862+08:00 [DBG] (Microsoft.AspNetCore.Server.Kestrel.Connections) Connection id ""0HN0IM92QNU0G"" started.
2024-01-11T22:33:26.2157864+08:00 [DBG] (Microsoft.AspNetCore.Server.Kestrel.Connections) Connection id ""0HN0IM92QNU0F"" started.
2024-01-11T22:33:26.2575078+08:00 [INF] (Microsoft.AspNetCore.Hosting.Diagnostics) Request starting "HTTP/1.1" "GET" "http"://"localhost:5000""""/swagger/index.html""" - null null
2024-01-11T22:33:26.2625997+08:00 [DBG] (Microsoft.AspNetCore.HostFiltering.HostFilteringMiddleware) Wildcard detected, all requests with hosts will be allowed.
2024-01-11T22:33:26.2818564+08:00 [DBG] (Microsoft.AspNetCore.Routing.Matching.DfaMatcher) No candidates found for the request path '"/swagger/index.html"'
2024-01-11T22:33:26.2822720+08:00 [DBG] (Microsoft.AspNetCore.Routing.EndpointRoutingMiddleware) Request did not match any endpoints
2024-01-11T22:33:26.4021678+08:00 [DBG] (Microsoft.AspNetCore.Server.Kestrel.Connections) Connection id ""0HN0IM92QNU0F"" completed keep alive response.
2024-01-11T22:33:26.4042416+08:00 [INF] (Microsoft.AspNetCore.Hosting.Diagnostics) Request finished "HTTP/1.1" "GET" "http"://"localhost:5000""""/swagger/index.html""" - 200 null "text/html;charset=utf-8" 148.2134ms
2024-01-11T22:33:26.4591445+08:00 [INF] (Microsoft.AspNetCore.Hosting.Diagnostics) Request starting "HTTP/1.1" "GET" "http"://"localhost:5000""""/swagger/swagger-ui-standalone-preset.js""" - null null
2024-01-11T22:33:26.4592692+08:00 [INF] (Microsoft.AspNetCore.Hosting.Diagnostics) Request starting "HTTP/1.1" "GET" "http"://"localhost:5000""""/swagger/swagger-ui-bundle.js""" - null null
2024-01-11T22:33:26.4596585+08:00 [DBG] (Microsoft.AspNetCore.Routing.Matching.DfaMatcher) No candidates found for the request path '"/swagger/swagger-ui-bundle.js"'
2024-01-11T22:33:26.4596607+08:00 [DBG] (Microsoft.AspNetCore.Routing.Matching.DfaMatcher) No candidates found for the request path '"/swagger/swagger-ui-standalone-preset.js"'
2024-01-11T22:33:26.4597057+08:00 [DBG] (Microsoft.AspNetCore.Routing.EndpointRoutingMiddleware) Request did not match any endpoints
2024-01-11T22:33:26.4597400+08:00 [DBG] (Microsoft.AspNetCore.Routing.EndpointRoutingMiddleware) Request did not match any endpoints
2024-01-11T22:33:26.8234415+08:00 [INF] (Microsoft.AspNetCore.StaticFiles.StaticFileMiddleware) Sending file. Request path: '"/swagger-ui-bundle.js"'. Physical path: '"N/A"'
2024-01-11T22:33:26.8234319+08:00 [INF] (Microsoft.AspNetCore.StaticFiles.StaticFileMiddleware) Sending file. Request path: '"/swagger-ui-standalone-preset.js"'. Physical path: '"N/A"'
2024-01-11T22:33:26.8273181+08:00 [DBG] (Microsoft.AspNetCore.Server.Kestrel.Connections) Connection id ""0HN0IM92QNU0F"" completed keep alive response.
2024-01-11T22:33:26.8273104+08:00 [DBG] (Microsoft.AspNetCore.Server.Kestrel.Connections) Connection id ""0HN0IM92QNU0G"" completed keep alive response.
2024-01-11T22:33:26.8276132+08:00 [INF] (Microsoft.AspNetCore.Hosting.Diagnostics) Request finished "HTTP/1.1" "GET" "http"://"localhost:5000""""/swagger/swagger-ui-bundle.js""" - 200 1061536 "text/javascript" 368.2318ms
2024-01-11T22:33:26.8276138+08:00 [INF] (Microsoft.AspNetCore.Hosting.Diagnostics) Request finished "HTTP/1.1" "GET" "http"://"localhost:5000""""/swagger/swagger-ui-standalone-preset.js""" - 200 312163 "text/javascript" 368.4117ms
2024-01-11T22:33:26.9599329+08:00 [INF] (Microsoft.AspNetCore.Hosting.Diagnostics) Request starting "HTTP/1.1" "GET" "http"://"localhost:5000""""/swagger/v1/swagger.json""" - null null
2024-01-11T22:33:26.9601174+08:00 [DBG] (Microsoft.AspNetCore.Routing.Matching.DfaMatcher) No candidates found for the request path '"/swagger/v1/swagger.json"'
2024-01-11T22:33:26.9602033+08:00 [DBG] (Microsoft.AspNetCore.Routing.EndpointRoutingMiddleware) Request did not match any endpoints
2024-01-11T22:33:27.1002366+08:00 [DBG] (Microsoft.AspNetCore.Server.Kestrel.Connections) Connection id ""0HN0IM92QNU0F"" completed keep alive response.
2024-01-11T22:33:27.1004617+08:00 [INF] (Microsoft.AspNetCore.Hosting.Diagnostics) Request finished "HTTP/1.1" "GET" "http"://"localhost:5000""""/swagger/v1/swagger.json""" - 200 null "application/json;charset=utf-8" 140.5532ms
2024-01-11T22:33:39.9508263+08:00 [DBG] (Microsoft.AspNetCore.Server.Kestrel.Connections) Connection id ""0HN0IM92QNU0H"" accepted.
2024-01-11T22:33:39.9514068+08:00 [DBG] (Microsoft.AspNetCore.Server.Kestrel.Connections) Connection id ""0HN0IM92QNU0H"" started.
2024-01-11T22:33:39.9545923+08:00 [INF] (Microsoft.AspNetCore.Hosting.Diagnostics) Request starting "HTTP/1.1" "POST" "http"://"localhost:5000""""/api/authentication/login""" - "application/json; charset=UTF-8" 64
2024-01-11T22:33:39.9576812+08:00 [DBG] (Microsoft.AspNetCore.Routing.Matching.DfaMatcher) 1 candidate(s) found for the request path '"/api/authentication/login"'
2024-01-11T22:33:39.9596888+08:00 [DBG] (Microsoft.AspNetCore.Routing.Matching.DfaMatcher) Endpoint '"IMS.WebApi.Controllers.AuthenticateController.Login (IMS.WebApi)"' with route pattern '"api/authentication/login"' is valid for the request path '"/api/authentication/login"'
2024-01-11T22:33:39.9600555+08:00 [DBG] (Microsoft.AspNetCore.Routing.EndpointRoutingMiddleware) Request matched endpoint '"IMS.WebApi.Controllers.AuthenticateController.Login (IMS.WebApi)"'
2024-01-11T22:33:39.9607744+08:00 [DBG] (Microsoft.AspNetCore.StaticFiles.StaticFileMiddleware) Static files was skipped as the request already matched an endpoint.
2024-01-11T22:33:40.1145072+08:00 [DBG] (Microsoft.EntityFrameworkCore.Infrastructure) An 'IServiceProvider' was created for internal use by Entity Framework.
2024-01-11T22:33:40.1373625+08:00 [INF] (Microsoft.AspNetCore.Routing.EndpointMiddleware) Executing endpoint '"IMS.WebApi.Controllers.AuthenticateController.Login (IMS.WebApi)"'
2024-01-11T22:33:40.1519114+08:00 [INF] (Microsoft.AspNetCore.Mvc.Infrastructure.ControllerActionInvoker) Route matched with "{action = \"Login\", controller = \"Authenticate\"}". Executing controller action with signature "System.Threading.Tasks.Task`1[Microsoft.AspNetCore.Mvc.IActionResult] Login(IMS.Infrastructure.Dto.LoginDto)" on controller "IMS.WebApi.Controllers.AuthenticateController" ("IMS.WebApi").
2024-01-11T22:33:40.1531418+08:00 [DBG] (Microsoft.AspNetCore.Mvc.Infrastructure.ControllerActionInvoker) Execution plan of "authorization" filters (in the following order): ["None"]
2024-01-11T22:33:40.1532791+08:00 [DBG] (Microsoft.AspNetCore.Mvc.Infrastructure.ControllerActionInvoker) Execution plan of "resource" filters (in the following order): ["None"]
2024-01-11T22:33:40.1545424+08:00 [DBG] (Microsoft.AspNetCore.Mvc.Infrastructure.ControllerActionInvoker) Execution plan of "action" filters (in the following order): ["Microsoft.AspNetCore.Mvc.ModelBinding.UnsupportedContentTypeFilter (Order: -3000)", "Microsoft.AspNetCore.Mvc.Infrastructure.ModelStateInvalidFilter (Order: -2000)"]
2024-01-11T22:33:40.1546334+08:00 [DBG] (Microsoft.AspNetCore.Mvc.Infrastructure.ControllerActionInvoker) Execution plan of "exception" filters (in the following order): ["None"]
2024-01-11T22:33:40.1547480+08:00 [DBG] (Microsoft.AspNetCore.Mvc.Infrastructure.ControllerActionInvoker) Execution plan of "result" filters (in the following order): ["Microsoft.AspNetCore.Mvc.Infrastructure.ClientErrorResultFilter (Order: -2000)"]
2024-01-11T22:33:40.1559924+08:00 [DBG] (Microsoft.AspNetCore.Mvc.Infrastructure.ControllerActionInvoker) Executing controller factory for controller "IMS.WebApi.Controllers.AuthenticateController" ("IMS.WebApi")
2024-01-11T22:33:40.1573404+08:00 [DBG] (Microsoft.AspNetCore.Mvc.Infrastructure.ControllerActionInvoker) Executed controller factory for controller "IMS.WebApi.Controllers.AuthenticateController" ("IMS.WebApi")
2024-01-11T22:33:40.1610036+08:00 [DBG] (Microsoft.AspNetCore.Mvc.ModelBinding.ParameterBinder) Attempting to bind parameter '"login"' of type '"IMS.Infrastructure.Dto.LoginDto"' ...
2024-01-11T22:33:40.1627637+08:00 [DBG] (Microsoft.AspNetCore.Mvc.ModelBinding.Binders.BodyModelBinder) Attempting to bind parameter '"login"' of type '"IMS.Infrastructure.Dto.LoginDto"' using the name '""' in request data ...
2024-01-11T22:33:40.1633962+08:00 [DBG] (Microsoft.AspNetCore.Mvc.ModelBinding.Binders.BodyModelBinder) Selected input formatter '"Microsoft.AspNetCore.Mvc.Formatters.SystemTextJsonInputFormatter"' for content type '"application/json; charset=UTF-8"'.
2024-01-11T22:33:40.1738192+08:00 [DBG] (Microsoft.AspNetCore.Server.Kestrel) Connection id ""0HN0IM92QNU0H"", Request id ""0HN0IM92QNU0H:00000001"": started reading request body.
2024-01-11T22:33:40.1740174+08:00 [DBG] (Microsoft.AspNetCore.Server.Kestrel) Connection id ""0HN0IM92QNU0H"", Request id ""0HN0IM92QNU0H:00000001"": done reading request body.
2024-01-11T22:33:40.1823911+08:00 [DBG] (Microsoft.AspNetCore.Mvc.Formatters.SystemTextJsonInputFormatter) JSON input formatter succeeded, deserializing to type '"IMS.Infrastructure.Dto.LoginDto"'
2024-01-11T22:33:40.1827204+08:00 [DBG] (Microsoft.AspNetCore.Mvc.ModelBinding.Binders.BodyModelBinder) Done attempting to bind parameter '"login"' of type '"IMS.Infrastructure.Dto.LoginDto"'.
2024-01-11T22:33:40.1827919+08:00 [DBG] (Microsoft.AspNetCore.Mvc.ModelBinding.ParameterBinder) Done attempting to bind parameter '"login"' of type '"IMS.Infrastructure.Dto.LoginDto"'.
2024-01-11T22:33:40.1829132+08:00 [DBG] (Microsoft.AspNetCore.Mvc.ModelBinding.ParameterBinder) Attempting to validate the bound parameter '"login"' of type '"IMS.Infrastructure.Dto.LoginDto"' ...
2024-01-11T22:33:40.1888077+08:00 [DBG] (Microsoft.AspNetCore.Mvc.ModelBinding.ParameterBinder) Done attempting to validate the bound parameter '"login"' of type '"IMS.Infrastructure.Dto.LoginDto"'.
2024-01-11T22:33:40.1962065+08:00 [INF] (Microsoft.AspNetCore.Mvc.Infrastructure.ControllerActionInvoker) Executing action method "IMS.WebApi.Controllers.AuthenticateController.Login (IMS.WebApi)" - Validation state: Valid
2024-01-11T22:33:48.3833274+08:00 [DBG] (Microsoft.EntityFrameworkCore.Infrastructure) An additional 'IServiceProvider' was created for internal use by Entity Framework. An existing service provider was not used due to the following configuration changes: "configuration added for 'Naming:UseNamingConvention'".
2024-01-11T22:33:49.5531531+08:00 [DBG] (Microsoft.EntityFrameworkCore.Infrastructure) Entity Framework Core "8.0.0" initialized '"ImsContext"' using provider '"Npgsql.EntityFrameworkCore.PostgreSQL":"8.0.0+2539d1f4bd0d429cbae20336d531d14938a54297"' with options: "using NodaTime using snake-case naming  (culture=)"
2024-01-11T22:33:49.5929443+08:00 [DBG] (Microsoft.EntityFrameworkCore.Query) Compiling query expression: "
"'"DbSet<TblUser>()
    .SingleOrDefault(o => o.EmailAdress == __ToLowerInvariant_0)"'
2024-01-11T22:33:49.7807209+08:00 [DBG] (Microsoft.EntityFrameworkCore.Query) Generated query execution expression: "
"'"queryContext => ShapedQueryCompilingExpressionVisitor.SingleOrDefaultAsync<TblUser>(
    asyncEnumerable: new SingleQueryingEnumerable<TblUser>(
        (RelationalQueryContext)queryContext, 
        RelationalCommandCache.QueryExpression(
            Projection Mapping:
                EmptyProjectionMember -> Dictionary<IProperty, int> { [Property: TblBase.Id (Guid) Required PK AfterSave:Throw ValueGenerated.OnAdd, 0], [Property: TblBase.TimestampCreated (Instant) Required ValueGenerated.OnAdd, 1], [Property: TblBase.TimestampUpdated (Instant) Required, 2], [Property: TblUser.EmailAdress (no field, string) Required Index MaxLength(100), 3], [Property: TblUser.PasswordHash (string) MaxLength(200), 4], [Property: TblUser.PasswordSalt (string) MaxLength(100), 5], [Property: TblUser.Roles (UserRole[]) Required Element type: UserRole Required, 6], [Property: TblUser.Status (UserStatus) Required, 7], [Property: TblUser.Type (AccountType) Required, 8] }
            SELECT TOP(2) t.id, t.timestamp_created, t.timestamp_updated, t.email_adress, t.password_hash, t.password_salt, t.roles, t.status, t.type
            FROM tbl_user AS t
            WHERE t.email_adress == @__ToLowerInvariant_0), 
        null, 
        Func<QueryContext, DbDataReader, ResultContext, SingleQueryResultCoordinator, TblUser>, 
        IMS.Infrastructure.DbContext.IMS.ImsContext, 
        False, 
        False, 
        True
    ), 
    cancellationToken: queryContext.CancellationToken)"'
2024-01-11T22:33:49.8221953+08:00 [DBG] (Microsoft.EntityFrameworkCore.Database.Connection) Creating DbConnection.
2024-01-11T22:33:49.8280797+08:00 [DBG] (Microsoft.EntityFrameworkCore.Database.Connection) Created DbConnection. (2ms).
2024-01-11T22:33:49.8319787+08:00 [DBG] (Microsoft.EntityFrameworkCore.Database.Connection) Opening connection to database '"ims"' on server '"tcp://localhost:5432"'.
2024-01-11T22:33:50.1980919+08:00 [DBG] (Microsoft.EntityFrameworkCore.Database.Connection) Opened connection to database '"ims"' on server '"tcp://localhost:5432"'.
2024-01-11T22:33:50.2049035+08:00 [DBG] (Microsoft.EntityFrameworkCore.Database.Command) Creating DbCommand for '"ExecuteReader"'.
2024-01-11T22:33:50.2128638+08:00 [DBG] (Microsoft.EntityFrameworkCore.Database.Command) Created DbCommand for '"ExecuteReader"' (3ms).
2024-01-11T22:33:50.2197725+08:00 [DBG] (Microsoft.EntityFrameworkCore.Database.Command) Initialized DbCommand for '"ExecuteReader"' (14ms).
2024-01-11T22:33:50.2311112+08:00 [DBG] (Microsoft.EntityFrameworkCore.Database.Command) Executing DbCommand [Parameters=["@__ToLowerInvariant_0='?'"], CommandType='Text', CommandTimeout='30']"
""SELECT t.id, t.timestamp_created, t.timestamp_updated, t.email_adress, t.password_hash, t.password_salt, t.roles, t.status, t.type
FROM tbl_user AS t
WHERE t.email_adress = @__ToLowerInvariant_0
LIMIT 2"
2024-01-11T22:33:50.3636145+08:00 [INF] (Microsoft.EntityFrameworkCore.Database.Command) Executed DbCommand ("135"ms) [Parameters=["@__ToLowerInvariant_0='?'"], CommandType='Text', CommandTimeout='30']"
""SELECT t.id, t.timestamp_created, t.timestamp_updated, t.email_adress, t.password_hash, t.password_salt, t.roles, t.status, t.type
FROM tbl_user AS t
WHERE t.email_adress = @__ToLowerInvariant_0
LIMIT 2"
2024-01-11T22:33:50.3788164+08:00 [DBG] (Microsoft.EntityFrameworkCore.Database.Command) Closing data reader to '"ims"' on server '"tcp://localhost:5432"'.
2024-01-11T22:33:50.3932595+08:00 [DBG] (Microsoft.EntityFrameworkCore.Database.Command) A data reader for '"ims"' on server '"tcp://localhost:5432"' is being disposed after spending 19ms reading results.
2024-01-11T22:33:50.4008356+08:00 [DBG] (Microsoft.EntityFrameworkCore.Database.Connection) Closing connection to database '"ims"' on server '"tcp://localhost:5432"'.
2024-01-11T22:33:50.4085929+08:00 [DBG] (Microsoft.EntityFrameworkCore.Database.Connection) Closed connection to database '"ims"' on server '"tcp://localhost:5432"' (7ms).
2024-01-11T22:33:50.4106863+08:00 [DBG] (Microsoft.Extensions.Localization.ResourceManagerStringLocalizer) ResourceManagerStringLocalizer searched for '"RecordNotFound"' in '"IMS.Infrastructure.Resources.GlobalResource"' with culture '"ms-MY"'.
2024-01-11T22:33:57.7566623+08:00 [INF] (Microsoft.AspNetCore.Mvc.Infrastructure.ControllerActionInvoker) Executed action "IMS.WebApi.Controllers.AuthenticateController.Login (IMS.WebApi)" in 17595.8134ms
2024-01-11T22:33:57.7581097+08:00 [INF] (Microsoft.AspNetCore.Routing.EndpointMiddleware) Executed endpoint '"IMS.WebApi.Controllers.AuthenticateController.Login (IMS.WebApi)"'
2024-01-11T22:33:58.1150491+08:00 [DBG] (Microsoft.EntityFrameworkCore.Infrastructure) '"ImsContext"' disposed.
2024-01-11T22:33:58.1263162+08:00 [DBG] (Microsoft.EntityFrameworkCore.Database.Connection) Disposing connection to database '"ims"' on server '"tcp://localhost:5432"'.
2024-01-11T22:33:58.1317254+08:00 [DBG] (Microsoft.EntityFrameworkCore.Database.Connection) Disposed connection to database '"ims"' on server '"tcp://localhost:5432"' (5ms).
2024-01-11T22:33:58.1336196+08:00 [INF] (Microsoft.AspNetCore.Hosting.Diagnostics) Request finished "HTTP/1.1" "POST" "http"://"localhost:5000""""/api/authentication/login""" - 404 null "application/problem+json" 18179.0257ms
2024-01-11T22:33:58.1366009+08:00 [DBG] (Microsoft.AspNetCore.Server.Kestrel.Connections) Connection id ""0HN0IM92QNU0H"" disconnecting.
2024-01-11T22:33:58.1416386+08:00 [DBG] (Microsoft.AspNetCore.Server.Kestrel.Connections) Connection id ""0HN0IM92QNU0H"" stopped.
2024-01-11T22:33:58.1435365+08:00 [DBG] (Microsoft.AspNetCore.Server.Kestrel.Transport.Sockets) Connection id ""0HN0IM92QNU0H"" sending FIN because: ""The Socket transport's send loop completed gracefully.""
2024-01-11T22:34:36.4874400+08:00 [DBG] (Microsoft.AspNetCore.Server.Kestrel.Connections) Connection id ""0HN0IM92QNU0I"" accepted.
2024-01-11T22:34:36.4881820+08:00 [DBG] (Microsoft.AspNetCore.Server.Kestrel.Connections) Connection id ""0HN0IM92QNU0I"" started.
2024-01-11T22:34:36.4888568+08:00 [INF] (Microsoft.AspNetCore.Hosting.Diagnostics) Request starting "HTTP/1.1" "POST" "http"://"localhost:5000""""/api/authentication/login""" - "application/json; charset=UTF-8" 71
2024-01-11T22:34:36.4909154+08:00 [DBG] (Microsoft.AspNetCore.Routing.Matching.DfaMatcher) 1 candidate(s) found for the request path '"/api/authentication/login"'
2024-01-11T22:34:36.4911757+08:00 [DBG] (Microsoft.AspNetCore.Routing.Matching.DfaMatcher) Endpoint '"IMS.WebApi.Controllers.AuthenticateController.Login (IMS.WebApi)"' with route pattern '"api/authentication/login"' is valid for the request path '"/api/authentication/login"'
2024-01-11T22:34:36.4914036+08:00 [DBG] (Microsoft.AspNetCore.Routing.EndpointRoutingMiddleware) Request matched endpoint '"IMS.WebApi.Controllers.AuthenticateController.Login (IMS.WebApi)"'
2024-01-11T22:34:36.4916707+08:00 [DBG] (Microsoft.AspNetCore.StaticFiles.StaticFileMiddleware) Static files was skipped as the request already matched an endpoint.
2024-01-11T22:34:36.5060311+08:00 [INF] (Microsoft.AspNetCore.Routing.EndpointMiddleware) Executing endpoint '"IMS.WebApi.Controllers.AuthenticateController.Login (IMS.WebApi)"'
2024-01-11T22:34:36.5064117+08:00 [INF] (Microsoft.AspNetCore.Mvc.Infrastructure.ControllerActionInvoker) Route matched with "{action = \"Login\", controller = \"Authenticate\"}". Executing controller action with signature "System.Threading.Tasks.Task`1[Microsoft.AspNetCore.Mvc.IActionResult] Login(IMS.Infrastructure.Dto.LoginDto)" on controller "IMS.WebApi.Controllers.AuthenticateController" ("IMS.WebApi").
2024-01-11T22:34:36.5065886+08:00 [DBG] (Microsoft.AspNetCore.Mvc.Infrastructure.ControllerActionInvoker) Execution plan of "authorization" filters (in the following order): ["None"]
2024-01-11T22:34:36.5066655+08:00 [DBG] (Microsoft.AspNetCore.Mvc.Infrastructure.ControllerActionInvoker) Execution plan of "resource" filters (in the following order): ["None"]
2024-01-11T22:34:36.5070356+08:00 [DBG] (Microsoft.AspNetCore.Mvc.Infrastructure.ControllerActionInvoker) Execution plan of "action" filters (in the following order): ["Microsoft.AspNetCore.Mvc.ModelBinding.UnsupportedContentTypeFilter (Order: -3000)", "Microsoft.AspNetCore.Mvc.Infrastructure.ModelStateInvalidFilter (Order: -2000)"]
2024-01-11T22:34:36.5070955+08:00 [DBG] (Microsoft.AspNetCore.Mvc.Infrastructure.ControllerActionInvoker) Execution plan of "exception" filters (in the following order): ["None"]
2024-01-11T22:34:36.5071637+08:00 [DBG] (Microsoft.AspNetCore.Mvc.Infrastructure.ControllerActionInvoker) Execution plan of "result" filters (in the following order): ["Microsoft.AspNetCore.Mvc.Infrastructure.ClientErrorResultFilter (Order: -2000)"]
2024-01-11T22:34:36.5072495+08:00 [DBG] (Microsoft.AspNetCore.Mvc.Infrastructure.ControllerActionInvoker) Executing controller factory for controller "IMS.WebApi.Controllers.AuthenticateController" ("IMS.WebApi")
2024-01-11T22:34:36.5195997+08:00 [DBG] (Microsoft.AspNetCore.Mvc.Infrastructure.ControllerActionInvoker) Executed controller factory for controller "IMS.WebApi.Controllers.AuthenticateController" ("IMS.WebApi")
2024-01-11T22:34:36.5203895+08:00 [DBG] (Microsoft.AspNetCore.Mvc.ModelBinding.ParameterBinder) Attempting to bind parameter '"login"' of type '"IMS.Infrastructure.Dto.LoginDto"' ...
2024-01-11T22:34:36.5206360+08:00 [DBG] (Microsoft.AspNetCore.Mvc.ModelBinding.Binders.BodyModelBinder) Attempting to bind parameter '"login"' of type '"IMS.Infrastructure.Dto.LoginDto"' using the name '""' in request data ...
2024-01-11T22:34:36.5207633+08:00 [DBG] (Microsoft.AspNetCore.Mvc.ModelBinding.Binders.BodyModelBinder) Selected input formatter '"Microsoft.AspNetCore.Mvc.Formatters.SystemTextJsonInputFormatter"' for content type '"application/json; charset=UTF-8"'.
2024-01-11T22:34:36.5210214+08:00 [DBG] (Microsoft.AspNetCore.Server.Kestrel) Connection id ""0HN0IM92QNU0I"", Request id ""0HN0IM92QNU0I:00000001"": started reading request body.
2024-01-11T22:34:36.5212017+08:00 [DBG] (Microsoft.AspNetCore.Server.Kestrel) Connection id ""0HN0IM92QNU0I"", Request id ""0HN0IM92QNU0I:00000001"": done reading request body.
2024-01-11T22:34:36.5215228+08:00 [DBG] (Microsoft.AspNetCore.Mvc.Formatters.SystemTextJsonInputFormatter) JSON input formatter succeeded, deserializing to type '"IMS.Infrastructure.Dto.LoginDto"'
2024-01-11T22:34:36.5216313+08:00 [DBG] (Microsoft.AspNetCore.Mvc.ModelBinding.Binders.BodyModelBinder) Done attempting to bind parameter '"login"' of type '"IMS.Infrastructure.Dto.LoginDto"'.
2024-01-11T22:34:36.5216877+08:00 [DBG] (Microsoft.AspNetCore.Mvc.ModelBinding.ParameterBinder) Done attempting to bind parameter '"login"' of type '"IMS.Infrastructure.Dto.LoginDto"'.
2024-01-11T22:34:36.5217519+08:00 [DBG] (Microsoft.AspNetCore.Mvc.ModelBinding.ParameterBinder) Attempting to validate the bound parameter '"login"' of type '"IMS.Infrastructure.Dto.LoginDto"' ...
2024-01-11T22:34:36.5221199+08:00 [DBG] (Microsoft.AspNetCore.Mvc.ModelBinding.ParameterBinder) Done attempting to validate the bound parameter '"login"' of type '"IMS.Infrastructure.Dto.LoginDto"'.
2024-01-11T22:34:36.5226795+08:00 [INF] (Microsoft.AspNetCore.Mvc.Infrastructure.ControllerActionInvoker) Executing action method "IMS.WebApi.Controllers.AuthenticateController.Login (IMS.WebApi)" - Validation state: Valid
2024-01-11T22:34:40.4509740+08:00 [DBG] (Microsoft.EntityFrameworkCore.Infrastructure) Entity Framework Core "8.0.0" initialized '"ImsContext"' using provider '"Npgsql.EntityFrameworkCore.PostgreSQL":"8.0.0+2539d1f4bd0d429cbae20336d531d14938a54297"' with options: "using NodaTime using snake-case naming  (culture=)"
2024-01-11T22:34:40.4542333+08:00 [DBG] (Microsoft.EntityFrameworkCore.Database.Connection) Creating DbConnection.
2024-01-11T22:34:40.4543712+08:00 [DBG] (Microsoft.EntityFrameworkCore.Database.Connection) Created DbConnection. (0ms).
2024-01-11T22:34:40.4544693+08:00 [DBG] (Microsoft.EntityFrameworkCore.Database.Connection) Opening connection to database '"ims"' on server '"tcp://localhost:5432"'.
2024-01-11T22:34:40.4550905+08:00 [DBG] (Microsoft.EntityFrameworkCore.Database.Connection) Opened connection to database '"ims"' on server '"tcp://localhost:5432"'.
2024-01-11T22:34:40.4553432+08:00 [DBG] (Microsoft.EntityFrameworkCore.Database.Command) Creating DbCommand for '"ExecuteReader"'.
2024-01-11T22:34:40.4555648+08:00 [DBG] (Microsoft.EntityFrameworkCore.Database.Command) Created DbCommand for '"ExecuteReader"' (0ms).
2024-01-11T22:34:40.4556655+08:00 [DBG] (Microsoft.EntityFrameworkCore.Database.Command) Initialized DbCommand for '"ExecuteReader"' (0ms).
2024-01-11T22:34:40.4557841+08:00 [DBG] (Microsoft.EntityFrameworkCore.Database.Command) Executing DbCommand [Parameters=["@__ToLowerInvariant_0='?'"], CommandType='Text', CommandTimeout='30']"
""SELECT t.id, t.timestamp_created, t.timestamp_updated, t.email_adress, t.password_hash, t.password_salt, t.roles, t.status, t.type
FROM tbl_user AS t
WHERE t.email_adress = @__ToLowerInvariant_0
LIMIT 2"
2024-01-11T22:34:40.5090155+08:00 [INF] (Microsoft.EntityFrameworkCore.Database.Command) Executed DbCommand ("8"ms) [Parameters=["@__ToLowerInvariant_0='?'"], CommandType='Text', CommandTimeout='30']"
""SELECT t.id, t.timestamp_created, t.timestamp_updated, t.email_adress, t.password_hash, t.password_salt, t.roles, t.status, t.type
FROM tbl_user AS t
WHERE t.email_adress = @__ToLowerInvariant_0
LIMIT 2"
2024-01-11T22:34:40.7033730+08:00 [DBG] (Microsoft.EntityFrameworkCore.ChangeTracking) Context '"ImsContext"' started tracking '"TblUser"' entity. Consider using 'DbContextOptionsBuilder.EnableSensitiveDataLogging' to see key values.
2024-01-11T22:34:40.7260438+08:00 [DBG] (Microsoft.EntityFrameworkCore.Database.Command) Closing data reader to '"ims"' on server '"tcp://localhost:5432"'.
2024-01-11T22:34:40.7261995+08:00 [DBG] (Microsoft.EntityFrameworkCore.Database.Command) A data reader for '"ims"' on server '"tcp://localhost:5432"' is being disposed after spending 131ms reading results.
2024-01-11T22:34:40.7263997+08:00 [DBG] (Microsoft.EntityFrameworkCore.Database.Connection) Closing connection to database '"ims"' on server '"tcp://localhost:5432"'.
2024-01-11T22:34:40.7265164+08:00 [DBG] (Microsoft.EntityFrameworkCore.Database.Connection) Closed connection to database '"ims"' on server '"tcp://localhost:5432"' (0ms).
2024-01-11T22:34:45.6049098+08:00 [DBG] (Microsoft.EntityFrameworkCore.Query) Compiling query expression: "
"'"DbSet<TblStudent>()
    .Select(o => new { 
        UserId = o.UserId, 
        Id = o.Id
     })
    .SingleOrDefault(o => o.Id == __userId_0)"'
2024-01-11T22:34:45.6156789+08:00 [DBG] (Microsoft.EntityFrameworkCore.Query) Generated query execution expression: "
"'"queryContext => ShapedQueryCompilingExpressionVisitor.SingleOrDefaultAsync<<>f__AnonymousType0<Guid, Guid>>(
    asyncEnumerable: new SingleQueryingEnumerable<<>f__AnonymousType0<Guid, Guid>>(
        (RelationalQueryContext)queryContext, 
        RelationalCommandCache.QueryExpression(
            Projection Mapping:
                UserId -> 0
                Id -> 1
            SELECT TOP(2) t.user_id AS UserId, t.id AS Id
            FROM tbl_student AS t
            WHERE t.id == @__userId_0), 
        null, 
        Func<QueryContext, DbDataReader, ResultContext, SingleQueryResultCoordinator, <>f__AnonymousType0<Guid, Guid>>, 
        IMS.Infrastructure.DbContext.IMS.ImsContext, 
        False, 
        False, 
        True
    ), 
    cancellationToken: queryContext.CancellationToken)"'
2024-01-11T22:34:45.6165459+08:00 [DBG] (Microsoft.EntityFrameworkCore.Database.Connection) Opening connection to database '"ims"' on server '"tcp://localhost:5432"'.
2024-01-11T22:34:45.6166300+08:00 [DBG] (Microsoft.EntityFrameworkCore.Database.Connection) Opened connection to database '"ims"' on server '"tcp://localhost:5432"'.
2024-01-11T22:34:45.6167892+08:00 [DBG] (Microsoft.EntityFrameworkCore.Database.Command) Creating DbCommand for '"ExecuteReader"'.
2024-01-11T22:34:45.6168401+08:00 [DBG] (Microsoft.EntityFrameworkCore.Database.Command) Created DbCommand for '"ExecuteReader"' (0ms).
2024-01-11T22:34:45.6168846+08:00 [DBG] (Microsoft.EntityFrameworkCore.Database.Command) Initialized DbCommand for '"ExecuteReader"' (0ms).
2024-01-11T22:34:45.6169656+08:00 [DBG] (Microsoft.EntityFrameworkCore.Database.Command) Executing DbCommand [Parameters=["@__userId_0='?' (DbType = Guid)"], CommandType='Text', CommandTimeout='30']"
""SELECT t.user_id AS \"UserId\", t.id AS \"Id\"
FROM tbl_student AS t
WHERE t.id = @__userId_0
LIMIT 2"
2024-01-11T22:34:45.7533925+08:00 [INF] (Microsoft.EntityFrameworkCore.Database.Command) Executed DbCommand ("136"ms) [Parameters=["@__userId_0='?' (DbType = Guid)"], CommandType='Text', CommandTimeout='30']"
""SELECT t.user_id AS \"UserId\", t.id AS \"Id\"
FROM tbl_student AS t
WHERE t.id = @__userId_0
LIMIT 2"
2024-01-11T22:34:45.7538026+08:00 [DBG] (Microsoft.EntityFrameworkCore.Database.Command) Closing data reader to '"ims"' on server '"tcp://localhost:5432"'.
2024-01-11T22:34:45.7538918+08:00 [DBG] (Microsoft.EntityFrameworkCore.Database.Command) A data reader for '"ims"' on server '"tcp://localhost:5432"' is being disposed after spending 0ms reading results.
2024-01-11T22:34:45.7541412+08:00 [DBG] (Microsoft.EntityFrameworkCore.Database.Connection) Closing connection to database '"ims"' on server '"tcp://localhost:5432"'.
2024-01-11T22:34:45.7542069+08:00 [DBG] (Microsoft.EntityFrameworkCore.Database.Connection) Closed connection to database '"ims"' on server '"tcp://localhost:5432"' (0ms).
2024-01-11T22:34:45.7553531+08:00 [DBG] (Microsoft.Extensions.Localization.ResourceManagerStringLocalizer) ResourceManagerStringLocalizer searched for '"RecordNotFound"' in '"IMS.Infrastructure.Resources.GlobalResource"' with culture '"ms-MY"'.
2024-01-11T22:35:04.0464566+08:00 [INF] (Microsoft.AspNetCore.Mvc.Infrastructure.ControllerActionInvoker) Executed action "IMS.WebApi.Controllers.AuthenticateController.Login (IMS.WebApi)" in 27539.1492ms
2024-01-11T22:35:04.0466895+08:00 [INF] (Microsoft.AspNetCore.Routing.EndpointMiddleware) Executed endpoint '"IMS.WebApi.Controllers.AuthenticateController.Login (IMS.WebApi)"'
2024-01-11T22:35:04.1480788+08:00 [DBG] (Microsoft.EntityFrameworkCore.Infrastructure) '"ImsContext"' disposed.
2024-01-11T22:35:04.1482573+08:00 [DBG] (Microsoft.EntityFrameworkCore.Database.Connection) Disposing connection to database '"ims"' on server '"tcp://localhost:5432"'.
2024-01-11T22:35:04.1483140+08:00 [DBG] (Microsoft.EntityFrameworkCore.Database.Connection) Disposed connection to database '"ims"' on server '"tcp://localhost:5432"' (0ms).
2024-01-11T22:35:04.1483906+08:00 [INF] (Microsoft.AspNetCore.Hosting.Diagnostics) Request finished "HTTP/1.1" "POST" "http"://"localhost:5000""""/api/authentication/login""" - 404 null "application/problem+json" 27659.5562ms
2024-01-11T22:35:04.1484681+08:00 [DBG] (Microsoft.AspNetCore.Server.Kestrel.Connections) Connection id ""0HN0IM92QNU0I"" disconnecting.
2024-01-11T22:35:04.1485091+08:00 [DBG] (Microsoft.AspNetCore.Server.Kestrel.Connections) Connection id ""0HN0IM92QNU0I"" stopped.
2024-01-11T22:35:04.1489611+08:00 [DBG] (Microsoft.AspNetCore.Server.Kestrel.Transport.Sockets) Connection id ""0HN0IM92QNU0I"" sending FIN because: ""The Socket transport's send loop completed gracefully.""
2024-01-11T22:35:10.8039867+08:00 [DBG] (Microsoft.AspNetCore.Server.Kestrel.Connections) Connection id ""0HN0IM92QNU0J"" accepted.
2024-01-11T22:35:10.8042355+08:00 [DBG] (Microsoft.AspNetCore.Server.Kestrel.Connections) Connection id ""0HN0IM92QNU0J"" started.
2024-01-11T22:35:10.8046482+08:00 [INF] (Microsoft.AspNetCore.Hosting.Diagnostics) Request starting "HTTP/1.1" "POST" "http"://"localhost:5000""""/api/authentication/login""" - "application/json; charset=UTF-8" 71
2024-01-11T22:35:10.8047912+08:00 [DBG] (Microsoft.AspNetCore.Routing.Matching.DfaMatcher) 1 candidate(s) found for the request path '"/api/authentication/login"'
2024-01-11T22:35:10.8051982+08:00 [DBG] (Microsoft.AspNetCore.Routing.Matching.DfaMatcher) Endpoint '"IMS.WebApi.Controllers.AuthenticateController.Login (IMS.WebApi)"' with route pattern '"api/authentication/login"' is valid for the request path '"/api/authentication/login"'
2024-01-11T22:35:10.8052695+08:00 [DBG] (Microsoft.AspNetCore.Routing.EndpointRoutingMiddleware) Request matched endpoint '"IMS.WebApi.Controllers.AuthenticateController.Login (IMS.WebApi)"'
2024-01-11T22:35:10.8054485+08:00 [DBG] (Microsoft.AspNetCore.StaticFiles.StaticFileMiddleware) Static files was skipped as the request already matched an endpoint.
2024-01-11T22:35:10.8077473+08:00 [INF] (Microsoft.AspNetCore.Routing.EndpointMiddleware) Executing endpoint '"IMS.WebApi.Controllers.AuthenticateController.Login (IMS.WebApi)"'
2024-01-11T22:35:10.8078534+08:00 [INF] (Microsoft.AspNetCore.Mvc.Infrastructure.ControllerActionInvoker) Route matched with "{action = \"Login\", controller = \"Authenticate\"}". Executing controller action with signature "System.Threading.Tasks.Task`1[Microsoft.AspNetCore.Mvc.IActionResult] Login(IMS.Infrastructure.Dto.LoginDto)" on controller "IMS.WebApi.Controllers.AuthenticateController" ("IMS.WebApi").
2024-01-11T22:35:10.8079125+08:00 [DBG] (Microsoft.AspNetCore.Mvc.Infrastructure.ControllerActionInvoker) Execution plan of "authorization" filters (in the following order): ["None"]
2024-01-11T22:35:10.8079679+08:00 [DBG] (Microsoft.AspNetCore.Mvc.Infrastructure.ControllerActionInvoker) Execution plan of "resource" filters (in the following order): ["None"]
2024-01-11T22:35:10.8082419+08:00 [DBG] (Microsoft.AspNetCore.Mvc.Infrastructure.ControllerActionInvoker) Execution plan of "action" filters (in the following order): ["Microsoft.AspNetCore.Mvc.ModelBinding.UnsupportedContentTypeFilter (Order: -3000)", "Microsoft.AspNetCore.Mvc.Infrastructure.ModelStateInvalidFilter (Order: -2000)"]
2024-01-11T22:35:10.8082832+08:00 [DBG] (Microsoft.AspNetCore.Mvc.Infrastructure.ControllerActionInvoker) Execution plan of "exception" filters (in the following order): ["None"]
2024-01-11T22:35:10.8083229+08:00 [DBG] (Microsoft.AspNetCore.Mvc.Infrastructure.ControllerActionInvoker) Execution plan of "result" filters (in the following order): ["Microsoft.AspNetCore.Mvc.Infrastructure.ClientErrorResultFilter (Order: -2000)"]
2024-01-11T22:35:10.8083717+08:00 [DBG] (Microsoft.AspNetCore.Mvc.Infrastructure.ControllerActionInvoker) Executing controller factory for controller "IMS.WebApi.Controllers.AuthenticateController" ("IMS.WebApi")
2024-01-11T22:35:10.8092552+08:00 [DBG] (Microsoft.AspNetCore.Mvc.Infrastructure.ControllerActionInvoker) Executed controller factory for controller "IMS.WebApi.Controllers.AuthenticateController" ("IMS.WebApi")
2024-01-11T22:35:10.8093604+08:00 [DBG] (Microsoft.AspNetCore.Mvc.ModelBinding.ParameterBinder) Attempting to bind parameter '"login"' of type '"IMS.Infrastructure.Dto.LoginDto"' ...
2024-01-11T22:35:10.8094246+08:00 [DBG] (Microsoft.AspNetCore.Mvc.ModelBinding.Binders.BodyModelBinder) Attempting to bind parameter '"login"' of type '"IMS.Infrastructure.Dto.LoginDto"' using the name '""' in request data ...
2024-01-11T22:35:10.8094881+08:00 [DBG] (Microsoft.AspNetCore.Mvc.ModelBinding.Binders.BodyModelBinder) Selected input formatter '"Microsoft.AspNetCore.Mvc.Formatters.SystemTextJsonInputFormatter"' for content type '"application/json; charset=UTF-8"'.
2024-01-11T22:35:10.8095641+08:00 [DBG] (Microsoft.AspNetCore.Server.Kestrel) Connection id ""0HN0IM92QNU0J"", Request id ""0HN0IM92QNU0J:00000001"": started reading request body.
2024-01-11T22:35:10.8096036+08:00 [DBG] (Microsoft.AspNetCore.Server.Kestrel) Connection id ""0HN0IM92QNU0J"", Request id ""0HN0IM92QNU0J:00000001"": done reading request body.
2024-01-11T22:35:10.8096720+08:00 [DBG] (Microsoft.AspNetCore.Mvc.Formatters.SystemTextJsonInputFormatter) JSON input formatter succeeded, deserializing to type '"IMS.Infrastructure.Dto.LoginDto"'
2024-01-11T22:35:10.8097174+08:00 [DBG] (Microsoft.AspNetCore.Mvc.ModelBinding.Binders.BodyModelBinder) Done attempting to bind parameter '"login"' of type '"IMS.Infrastructure.Dto.LoginDto"'.
2024-01-11T22:35:10.8097481+08:00 [DBG] (Microsoft.AspNetCore.Mvc.ModelBinding.ParameterBinder) Done attempting to bind parameter '"login"' of type '"IMS.Infrastructure.Dto.LoginDto"'.
2024-01-11T22:35:10.8097862+08:00 [DBG] (Microsoft.AspNetCore.Mvc.ModelBinding.ParameterBinder) Attempting to validate the bound parameter '"login"' of type '"IMS.Infrastructure.Dto.LoginDto"' ...
2024-01-11T22:35:10.8098578+08:00 [DBG] (Microsoft.AspNetCore.Mvc.ModelBinding.ParameterBinder) Done attempting to validate the bound parameter '"login"' of type '"IMS.Infrastructure.Dto.LoginDto"'.
2024-01-11T22:35:10.8100325+08:00 [INF] (Microsoft.AspNetCore.Mvc.Infrastructure.ControllerActionInvoker) Executing action method "IMS.WebApi.Controllers.AuthenticateController.Login (IMS.WebApi)" - Validation state: Valid
2024-01-11T22:35:22.2001084+08:00 [DBG] (Microsoft.EntityFrameworkCore.Infrastructure) Entity Framework Core "8.0.0" initialized '"ImsContext"' using provider '"Npgsql.EntityFrameworkCore.PostgreSQL":"8.0.0+2539d1f4bd0d429cbae20336d531d14938a54297"' with options: "using NodaTime using snake-case naming  (culture=)"
2024-01-11T22:35:22.2011603+08:00 [DBG] (Microsoft.EntityFrameworkCore.Database.Connection) Creating DbConnection.
2024-01-11T22:35:22.2012662+08:00 [DBG] (Microsoft.EntityFrameworkCore.Database.Connection) Created DbConnection. (0ms).
2024-01-11T22:35:22.2013763+08:00 [DBG] (Microsoft.EntityFrameworkCore.Database.Connection) Opening connection to database '"ims"' on server '"tcp://localhost:5432"'.
2024-01-11T22:35:22.2014688+08:00 [DBG] (Microsoft.EntityFrameworkCore.Database.Connection) Opened connection to database '"ims"' on server '"tcp://localhost:5432"'.
2024-01-11T22:35:22.2017371+08:00 [DBG] (Microsoft.EntityFrameworkCore.Database.Command) Creating DbCommand for '"ExecuteReader"'.
2024-01-11T22:35:22.2018134+08:00 [DBG] (Microsoft.EntityFrameworkCore.Database.Command) Created DbCommand for '"ExecuteReader"' (0ms).
2024-01-11T22:35:22.2019076+08:00 [DBG] (Microsoft.EntityFrameworkCore.Database.Command) Initialized DbCommand for '"ExecuteReader"' (0ms).
2024-01-11T22:35:22.2020113+08:00 [DBG] (Microsoft.EntityFrameworkCore.Database.Command) Executing DbCommand [Parameters=["@__ToLowerInvariant_0='?'"], CommandType='Text', CommandTimeout='30']"
""SELECT t.id, t.timestamp_created, t.timestamp_updated, t.email_adress, t.password_hash, t.password_salt, t.roles, t.status, t.type
FROM tbl_user AS t
WHERE t.email_adress = @__ToLowerInvariant_0
LIMIT 2"
2024-01-11T22:35:22.3684941+08:00 [INF] (Microsoft.EntityFrameworkCore.Database.Command) Executed DbCommand ("105"ms) [Parameters=["@__ToLowerInvariant_0='?'"], CommandType='Text', CommandTimeout='30']"
""SELECT t.id, t.timestamp_created, t.timestamp_updated, t.email_adress, t.password_hash, t.password_salt, t.roles, t.status, t.type
FROM tbl_user AS t
WHERE t.email_adress = @__ToLowerInvariant_0
LIMIT 2"
2024-01-11T22:35:22.6893640+08:00 [DBG] (Microsoft.EntityFrameworkCore.ChangeTracking) Context '"ImsContext"' started tracking '"TblUser"' entity. Consider using 'DbContextOptionsBuilder.EnableSensitiveDataLogging' to see key values.
2024-01-11T22:35:22.6898093+08:00 [DBG] (Microsoft.EntityFrameworkCore.Database.Command) Closing data reader to '"ims"' on server '"tcp://localhost:5432"'.
2024-01-11T22:35:22.6899163+08:00 [DBG] (Microsoft.EntityFrameworkCore.Database.Command) A data reader for '"ims"' on server '"tcp://localhost:5432"' is being disposed after spending 277ms reading results.
2024-01-11T22:35:22.6901691+08:00 [DBG] (Microsoft.EntityFrameworkCore.Database.Connection) Closing connection to database '"ims"' on server '"tcp://localhost:5432"'.
2024-01-11T22:35:22.6902507+08:00 [DBG] (Microsoft.EntityFrameworkCore.Database.Connection) Closed connection to database '"ims"' on server '"tcp://localhost:5432"' (0ms).
2024-01-11T22:37:06.6337071+08:00 [DBG] (Microsoft.AspNetCore.Mvc.ModelBinding.ModelBinderFactory) Registered model binder providers, in the following order: ["Microsoft.AspNetCore.Mvc.ModelBinding.Binders.BinderTypeModelBinderProvider", "Microsoft.AspNetCore.Mvc.ModelBinding.Binders.ServicesModelBinderProvider", "Microsoft.AspNetCore.Mvc.ModelBinding.Binders.BodyModelBinderProvider", "Microsoft.AspNetCore.Mvc.ModelBinding.Binders.HeaderModelBinderProvider", "Microsoft.AspNetCore.Mvc.ModelBinding.Binders.FloatingPointTypeModelBinderProvider", "Microsoft.AspNetCore.Mvc.ModelBinding.Binders.EnumTypeModelBinderProvider", "Microsoft.AspNetCore.Mvc.ModelBinding.Binders.DateTimeModelBinderProvider", "Microsoft.AspNetCore.Mvc.ModelBinding.Binders.SimpleTypeModelBinderProvider", "Microsoft.AspNetCore.Mvc.ModelBinding.Binders.TryParseModelBinderProvider", "Microsoft.AspNetCore.Mvc.ModelBinding.Binders.CancellationTokenModelBinderProvider", "Microsoft.AspNetCore.Mvc.ModelBinding.Binders.ByteArrayModelBinderProvider", "Microsoft.AspNetCore.Mvc.ModelBinding.Binders.FormFileModelBinderProvider", "Microsoft.AspNetCore.Mvc.ModelBinding.Binders.FormCollectionModelBinderProvider", "Microsoft.AspNetCore.Mvc.ModelBinding.Binders.KeyValuePairModelBinderProvider", "Microsoft.AspNetCore.Mvc.ModelBinding.Binders.DictionaryModelBinderProvider", "Microsoft.AspNetCore.Mvc.ModelBinding.Binders.ArrayModelBinderProvider", "Microsoft.AspNetCore.Mvc.ModelBinding.Binders.CollectionModelBinderProvider", "Microsoft.AspNetCore.Mvc.ModelBinding.Binders.ComplexObjectModelBinderProvider"]
2024-01-11T22:37:06.8398071+08:00 [DBG] (Microsoft.Extensions.Hosting.Internal.Host) Hosting starting
2024-01-11T22:37:06.9479735+08:00 [INF] (Microsoft.Hosting.Lifetime) Now listening on: "http://localhost:5000"
2024-01-11T22:37:06.9481155+08:00 [DBG] (Microsoft.AspNetCore.Hosting.Diagnostics) Loaded hosting startup assembly "IMS.WebApi"
2024-01-11T22:37:06.9484257+08:00 [INF] (Microsoft.Hosting.Lifetime) Application started. Press Ctrl+C to shut down.
2024-01-11T22:37:06.9486156+08:00 [INF] (Microsoft.Hosting.Lifetime) Hosting environment: "Development"
2024-01-11T22:37:06.9486545+08:00 [INF] (Microsoft.Hosting.Lifetime) Content root path: "/home/aliuddin/Documents/projek sendiri/code/IMS/IMS.WebApi"
2024-01-11T22:37:06.9487065+08:00 [DBG] (Microsoft.Extensions.Hosting.Internal.Host) Hosting started
2024-01-11T22:37:07.3890812+08:00 [DBG] (Microsoft.AspNetCore.Server.Kestrel.Connections) Connection id ""0HN0IMB4O0U3O"" accepted.
2024-01-11T22:37:07.3896787+08:00 [DBG] (Microsoft.AspNetCore.Server.Kestrel.Connections) Connection id ""0HN0IMB4O0U3P"" accepted.
2024-01-11T22:37:07.3899584+08:00 [DBG] (Microsoft.AspNetCore.Server.Kestrel.Connections) Connection id ""0HN0IMB4O0U3O"" started.
2024-01-11T22:37:07.3899593+08:00 [DBG] (Microsoft.AspNetCore.Server.Kestrel.Connections) Connection id ""0HN0IMB4O0U3P"" started.
2024-01-11T22:37:07.4306914+08:00 [INF] (Microsoft.AspNetCore.Hosting.Diagnostics) Request starting "HTTP/1.1" "GET" "http"://"localhost:5000""""/swagger/index.html""" - null null
2024-01-11T22:37:07.4353745+08:00 [DBG] (Microsoft.AspNetCore.HostFiltering.HostFilteringMiddleware) Wildcard detected, all requests with hosts will be allowed.
2024-01-11T22:37:07.4535249+08:00 [DBG] (Microsoft.AspNetCore.Routing.Matching.DfaMatcher) No candidates found for the request path '"/swagger/index.html"'
2024-01-11T22:37:07.4541839+08:00 [DBG] (Microsoft.AspNetCore.Routing.EndpointRoutingMiddleware) Request did not match any endpoints
2024-01-11T22:37:07.5791953+08:00 [DBG] (Microsoft.AspNetCore.Server.Kestrel.Connections) Connection id ""0HN0IMB4O0U3O"" completed keep alive response.
2024-01-11T22:37:07.5809680+08:00 [INF] (Microsoft.AspNetCore.Hosting.Diagnostics) Request finished "HTTP/1.1" "GET" "http"://"localhost:5000""""/swagger/index.html""" - 200 null "text/html;charset=utf-8" 151.5405ms
2024-01-11T22:37:07.8973040+08:00 [INF] (Microsoft.AspNetCore.Hosting.Diagnostics) Request starting "HTTP/1.1" "GET" "http"://"localhost:5000""""/swagger/v1/swagger.json""" - null null
2024-01-11T22:37:07.8979440+08:00 [DBG] (Microsoft.AspNetCore.Routing.Matching.DfaMatcher) No candidates found for the request path '"/swagger/v1/swagger.json"'
2024-01-11T22:37:07.8980168+08:00 [DBG] (Microsoft.AspNetCore.Routing.EndpointRoutingMiddleware) Request did not match any endpoints
2024-01-11T22:37:08.0401740+08:00 [DBG] (Microsoft.AspNetCore.Server.Kestrel.Connections) Connection id ""0HN0IMB4O0U3O"" completed keep alive response.
2024-01-11T22:37:08.0404601+08:00 [INF] (Microsoft.AspNetCore.Hosting.Diagnostics) Request finished "HTTP/1.1" "GET" "http"://"localhost:5000""""/swagger/v1/swagger.json""" - 200 null "application/json;charset=utf-8" 143.2535ms
2024-01-11T22:37:09.3171626+08:00 [DBG] (Microsoft.AspNetCore.Server.Kestrel.Connections) Connection id ""0HN0IMB4O0U3Q"" accepted.
2024-01-11T22:37:09.3178580+08:00 [DBG] (Microsoft.AspNetCore.Server.Kestrel.Connections) Connection id ""0HN0IMB4O0U3Q"" started.
2024-01-11T22:37:09.3202053+08:00 [INF] (Microsoft.AspNetCore.Hosting.Diagnostics) Request starting "HTTP/1.1" "POST" "http"://"localhost:5000""""/api/authentication/login""" - "application/json; charset=UTF-8" 71
2024-01-11T22:37:09.3502919+08:00 [DBG] (Microsoft.AspNetCore.Routing.Matching.DfaMatcher) 1 candidate(s) found for the request path '"/api/authentication/login"'
2024-01-11T22:37:09.3529097+08:00 [DBG] (Microsoft.AspNetCore.Routing.Matching.DfaMatcher) Endpoint '"IMS.WebApi.Controllers.AuthenticateController.Login (IMS.WebApi)"' with route pattern '"api/authentication/login"' is valid for the request path '"/api/authentication/login"'
2024-01-11T22:37:09.3535734+08:00 [DBG] (Microsoft.AspNetCore.Routing.EndpointRoutingMiddleware) Request matched endpoint '"IMS.WebApi.Controllers.AuthenticateController.Login (IMS.WebApi)"'
2024-01-11T22:37:09.3576597+08:00 [DBG] (Microsoft.AspNetCore.StaticFiles.StaticFileMiddleware) Static files was skipped as the request already matched an endpoint.
2024-01-11T22:37:09.6073059+08:00 [DBG] (Microsoft.EntityFrameworkCore.Infrastructure) An 'IServiceProvider' was created for internal use by Entity Framework.
2024-01-11T22:37:09.6402666+08:00 [INF] (Microsoft.AspNetCore.Routing.EndpointMiddleware) Executing endpoint '"IMS.WebApi.Controllers.AuthenticateController.Login (IMS.WebApi)"'
2024-01-11T22:37:09.6587864+08:00 [INF] (Microsoft.AspNetCore.Mvc.Infrastructure.ControllerActionInvoker) Route matched with "{action = \"Login\", controller = \"Authenticate\"}". Executing controller action with signature "System.Threading.Tasks.Task`1[Microsoft.AspNetCore.Mvc.IActionResult] Login(IMS.Infrastructure.Dto.LoginDto)" on controller "IMS.WebApi.Controllers.AuthenticateController" ("IMS.WebApi").
2024-01-11T22:37:09.6615330+08:00 [DBG] (Microsoft.AspNetCore.Mvc.Infrastructure.ControllerActionInvoker) Execution plan of "authorization" filters (in the following order): ["None"]
2024-01-11T22:37:09.6616727+08:00 [DBG] (Microsoft.AspNetCore.Mvc.Infrastructure.ControllerActionInvoker) Execution plan of "resource" filters (in the following order): ["None"]
2024-01-11T22:37:09.6626658+08:00 [DBG] (Microsoft.AspNetCore.Mvc.Infrastructure.ControllerActionInvoker) Execution plan of "action" filters (in the following order): ["Microsoft.AspNetCore.Mvc.ModelBinding.UnsupportedContentTypeFilter (Order: -3000)", "Microsoft.AspNetCore.Mvc.Infrastructure.ModelStateInvalidFilter (Order: -2000)"]
2024-01-11T22:37:09.6627894+08:00 [DBG] (Microsoft.AspNetCore.Mvc.Infrastructure.ControllerActionInvoker) Execution plan of "exception" filters (in the following order): ["None"]
2024-01-11T22:37:09.6628644+08:00 [DBG] (Microsoft.AspNetCore.Mvc.Infrastructure.ControllerActionInvoker) Execution plan of "result" filters (in the following order): ["Microsoft.AspNetCore.Mvc.Infrastructure.ClientErrorResultFilter (Order: -2000)"]
2024-01-11T22:37:09.6642655+08:00 [DBG] (Microsoft.AspNetCore.Mvc.Infrastructure.ControllerActionInvoker) Executing controller factory for controller "IMS.WebApi.Controllers.AuthenticateController" ("IMS.WebApi")
2024-01-11T22:37:09.6655812+08:00 [DBG] (Microsoft.AspNetCore.Mvc.Infrastructure.ControllerActionInvoker) Executed controller factory for controller "IMS.WebApi.Controllers.AuthenticateController" ("IMS.WebApi")
2024-01-11T22:37:09.6703893+08:00 [DBG] (Microsoft.AspNetCore.Mvc.ModelBinding.ParameterBinder) Attempting to bind parameter '"login"' of type '"IMS.Infrastructure.Dto.LoginDto"' ...
2024-01-11T22:37:09.6724797+08:00 [DBG] (Microsoft.AspNetCore.Mvc.ModelBinding.Binders.BodyModelBinder) Attempting to bind parameter '"login"' of type '"IMS.Infrastructure.Dto.LoginDto"' using the name '""' in request data ...
2024-01-11T22:37:09.6731495+08:00 [DBG] (Microsoft.AspNetCore.Mvc.ModelBinding.Binders.BodyModelBinder) Selected input formatter '"Microsoft.AspNetCore.Mvc.Formatters.SystemTextJsonInputFormatter"' for content type '"application/json; charset=UTF-8"'.
2024-01-11T22:37:09.6856192+08:00 [DBG] (Microsoft.AspNetCore.Server.Kestrel) Connection id ""0HN0IMB4O0U3Q"", Request id ""0HN0IMB4O0U3Q:00000001"": started reading request body.
2024-01-11T22:37:09.6858665+08:00 [DBG] (Microsoft.AspNetCore.Server.Kestrel) Connection id ""0HN0IMB4O0U3Q"", Request id ""0HN0IMB4O0U3Q:00000001"": done reading request body.
2024-01-11T22:37:09.6950323+08:00 [DBG] (Microsoft.AspNetCore.Mvc.Formatters.SystemTextJsonInputFormatter) JSON input formatter succeeded, deserializing to type '"IMS.Infrastructure.Dto.LoginDto"'
2024-01-11T22:37:09.6953107+08:00 [DBG] (Microsoft.AspNetCore.Mvc.ModelBinding.Binders.BodyModelBinder) Done attempting to bind parameter '"login"' of type '"IMS.Infrastructure.Dto.LoginDto"'.
2024-01-11T22:37:09.6953908+08:00 [DBG] (Microsoft.AspNetCore.Mvc.ModelBinding.ParameterBinder) Done attempting to bind parameter '"login"' of type '"IMS.Infrastructure.Dto.LoginDto"'.
2024-01-11T22:37:09.6954499+08:00 [DBG] (Microsoft.AspNetCore.Mvc.ModelBinding.ParameterBinder) Attempting to validate the bound parameter '"login"' of type '"IMS.Infrastructure.Dto.LoginDto"' ...
2024-01-11T22:37:09.7006107+08:00 [DBG] (Microsoft.AspNetCore.Mvc.ModelBinding.ParameterBinder) Done attempting to validate the bound parameter '"login"' of type '"IMS.Infrastructure.Dto.LoginDto"'.
2024-01-11T22:37:09.7078066+08:00 [INF] (Microsoft.AspNetCore.Mvc.Infrastructure.ControllerActionInvoker) Executing action method "IMS.WebApi.Controllers.AuthenticateController.Login (IMS.WebApi)" - Validation state: Valid
2024-01-11T22:37:13.2848576+08:00 [DBG] (Microsoft.EntityFrameworkCore.Infrastructure) An additional 'IServiceProvider' was created for internal use by Entity Framework. An existing service provider was not used due to the following configuration changes: "configuration added for 'Naming:UseNamingConvention'".
2024-01-11T22:37:14.4649064+08:00 [DBG] (Microsoft.EntityFrameworkCore.Infrastructure) Entity Framework Core "8.0.0" initialized '"ImsContext"' using provider '"Npgsql.EntityFrameworkCore.PostgreSQL":"8.0.0+2539d1f4bd0d429cbae20336d531d14938a54297"' with options: "using NodaTime using snake-case naming  (culture=)"
2024-01-11T22:37:14.5021363+08:00 [DBG] (Microsoft.EntityFrameworkCore.Query) Compiling query expression: "
"'"DbSet<TblUser>()
    .SingleOrDefault(o => o.EmailAdress == __ToLowerInvariant_0)"'
2024-01-11T22:37:14.6865268+08:00 [DBG] (Microsoft.EntityFrameworkCore.Query) Generated query execution expression: "
"'"queryContext => ShapedQueryCompilingExpressionVisitor.SingleOrDefaultAsync<TblUser>(
    asyncEnumerable: new SingleQueryingEnumerable<TblUser>(
        (RelationalQueryContext)queryContext, 
        RelationalCommandCache.QueryExpression(
            Projection Mapping:
                EmptyProjectionMember -> Dictionary<IProperty, int> { [Property: TblBase.Id (Guid) Required PK AfterSave:Throw ValueGenerated.OnAdd, 0], [Property: TblBase.TimestampCreated (Instant) Required ValueGenerated.OnAdd, 1], [Property: TblBase.TimestampUpdated (Instant) Required, 2], [Property: TblUser.EmailAdress (no field, string) Required Index MaxLength(100), 3], [Property: TblUser.PasswordHash (string) MaxLength(200), 4], [Property: TblUser.PasswordSalt (string) MaxLength(100), 5], [Property: TblUser.Roles (UserRole[]) Required Element type: UserRole Required, 6], [Property: TblUser.Status (UserStatus) Required, 7], [Property: TblUser.Type (AccountType) Required, 8] }
            SELECT TOP(2) t.id, t.timestamp_created, t.timestamp_updated, t.email_adress, t.password_hash, t.password_salt, t.roles, t.status, t.type
            FROM tbl_user AS t
            WHERE t.email_adress == @__ToLowerInvariant_0), 
        null, 
        Func<QueryContext, DbDataReader, ResultContext, SingleQueryResultCoordinator, TblUser>, 
        IMS.Infrastructure.DbContext.IMS.ImsContext, 
        False, 
        False, 
        True
    ), 
    cancellationToken: queryContext.CancellationToken)"'
2024-01-11T22:37:14.7251695+08:00 [DBG] (Microsoft.EntityFrameworkCore.Database.Connection) Creating DbConnection.
2024-01-11T22:37:14.7309844+08:00 [DBG] (Microsoft.EntityFrameworkCore.Database.Connection) Created DbConnection. (2ms).
2024-01-11T22:37:14.7345963+08:00 [DBG] (Microsoft.EntityFrameworkCore.Database.Connection) Opening connection to database '"ims"' on server '"tcp://localhost:5432"'.
2024-01-11T22:37:15.0079557+08:00 [DBG] (Microsoft.EntityFrameworkCore.Database.Connection) Opened connection to database '"ims"' on server '"tcp://localhost:5432"'.
2024-01-11T22:37:15.0147224+08:00 [DBG] (Microsoft.EntityFrameworkCore.Database.Command) Creating DbCommand for '"ExecuteReader"'.
2024-01-11T22:37:15.0230797+08:00 [DBG] (Microsoft.EntityFrameworkCore.Database.Command) Created DbCommand for '"ExecuteReader"' (3ms).
2024-01-11T22:37:15.0307199+08:00 [DBG] (Microsoft.EntityFrameworkCore.Database.Command) Initialized DbCommand for '"ExecuteReader"' (16ms).
2024-01-11T22:37:15.0418254+08:00 [DBG] (Microsoft.EntityFrameworkCore.Database.Command) Executing DbCommand [Parameters=["@__ToLowerInvariant_0='?'"], CommandType='Text', CommandTimeout='30']"
""SELECT t.id, t.timestamp_created, t.timestamp_updated, t.email_adress, t.password_hash, t.password_salt, t.roles, t.status, t.type
FROM tbl_user AS t
WHERE t.email_adress = @__ToLowerInvariant_0
LIMIT 2"
2024-01-11T22:37:15.1607554+08:00 [INF] (Microsoft.EntityFrameworkCore.Database.Command) Executed DbCommand ("122"ms) [Parameters=["@__ToLowerInvariant_0='?'"], CommandType='Text', CommandTimeout='30']"
""SELECT t.id, t.timestamp_created, t.timestamp_updated, t.email_adress, t.password_hash, t.password_salt, t.roles, t.status, t.type
FROM tbl_user AS t
WHERE t.email_adress = @__ToLowerInvariant_0
LIMIT 2"
2024-01-11T22:37:15.3184459+08:00 [DBG] (Microsoft.EntityFrameworkCore.ChangeTracking) Context '"ImsContext"' started tracking '"TblUser"' entity. Consider using 'DbContextOptionsBuilder.EnableSensitiveDataLogging' to see key values.
2024-01-11T22:37:15.3580300+08:00 [DBG] (Microsoft.EntityFrameworkCore.Database.Command) Closing data reader to '"ims"' on server '"tcp://localhost:5432"'.
2024-01-11T22:37:15.3700633+08:00 [DBG] (Microsoft.EntityFrameworkCore.Database.Command) A data reader for '"ims"' on server '"tcp://localhost:5432"' is being disposed after spending 200ms reading results.
2024-01-11T22:37:15.3767355+08:00 [DBG] (Microsoft.EntityFrameworkCore.Database.Connection) Closing connection to database '"ims"' on server '"tcp://localhost:5432"'.
2024-01-11T22:37:15.3834514+08:00 [DBG] (Microsoft.EntityFrameworkCore.Database.Connection) Closed connection to database '"ims"' on server '"tcp://localhost:5432"' (6ms).
2024-01-11T22:37:19.6567287+08:00 [DBG] (Microsoft.EntityFrameworkCore.Query) Compiling query expression: "
"'"DbSet<TblStudent>()
    .Select(o => new { 
        UserId = o.UserId, 
        Id = o.Id
     })
    .SingleOrDefault(o => o.UserId == __userId_0)"'
2024-01-11T22:37:19.6691963+08:00 [DBG] (Microsoft.EntityFrameworkCore.Query) Generated query execution expression: "
"'"queryContext => ShapedQueryCompilingExpressionVisitor.SingleOrDefaultAsync<<>f__AnonymousType0<Guid, Guid>>(
    asyncEnumerable: new SingleQueryingEnumerable<<>f__AnonymousType0<Guid, Guid>>(
        (RelationalQueryContext)queryContext, 
        RelationalCommandCache.QueryExpression(
            Projection Mapping:
                UserId -> 0
                Id -> 1
            SELECT TOP(2) t.user_id AS UserId, t.id AS Id
            FROM tbl_student AS t
            WHERE t.user_id == @__userId_0), 
        null, 
        Func<QueryContext, DbDataReader, ResultContext, SingleQueryResultCoordinator, <>f__AnonymousType0<Guid, Guid>>, 
        IMS.Infrastructure.DbContext.IMS.ImsContext, 
        False, 
        False, 
        True
    ), 
    cancellationToken: queryContext.CancellationToken)"'
2024-01-11T22:37:19.6710163+08:00 [DBG] (Microsoft.EntityFrameworkCore.Database.Connection) Opening connection to database '"ims"' on server '"tcp://localhost:5432"'.
2024-01-11T22:37:19.6718093+08:00 [DBG] (Microsoft.EntityFrameworkCore.Database.Connection) Opened connection to database '"ims"' on server '"tcp://localhost:5432"'.
2024-01-11T22:37:19.6720962+08:00 [DBG] (Microsoft.EntityFrameworkCore.Database.Command) Creating DbCommand for '"ExecuteReader"'.
2024-01-11T22:37:19.6721851+08:00 [DBG] (Microsoft.EntityFrameworkCore.Database.Command) Created DbCommand for '"ExecuteReader"' (0ms).
2024-01-11T22:37:19.6722760+08:00 [DBG] (Microsoft.EntityFrameworkCore.Database.Command) Initialized DbCommand for '"ExecuteReader"' (0ms).
2024-01-11T22:37:19.6724130+08:00 [DBG] (Microsoft.EntityFrameworkCore.Database.Command) Executing DbCommand [Parameters=["@__userId_0='?' (DbType = Guid)"], CommandType='Text', CommandTimeout='30']"
""SELECT t.user_id AS \"UserId\", t.id AS \"Id\"
FROM tbl_student AS t
WHERE t.user_id = @__userId_0
LIMIT 2"
2024-01-11T22:37:19.7249523+08:00 [INF] (Microsoft.EntityFrameworkCore.Database.Command) Executed DbCommand ("52"ms) [Parameters=["@__userId_0='?' (DbType = Guid)"], CommandType='Text', CommandTimeout='30']"
""SELECT t.user_id AS \"UserId\", t.id AS \"Id\"
FROM tbl_student AS t
WHERE t.user_id = @__userId_0
LIMIT 2"
2024-01-11T22:37:19.7256925+08:00 [DBG] (Microsoft.EntityFrameworkCore.Database.Command) Closing data reader to '"ims"' on server '"tcp://localhost:5432"'.
2024-01-11T22:37:19.7257923+08:00 [DBG] (Microsoft.EntityFrameworkCore.Database.Command) A data reader for '"ims"' on server '"tcp://localhost:5432"' is being disposed after spending 0ms reading results.
2024-01-11T22:37:19.7259101+08:00 [DBG] (Microsoft.EntityFrameworkCore.Database.Connection) Closing connection to database '"ims"' on server '"tcp://localhost:5432"'.
2024-01-11T22:37:19.7259963+08:00 [DBG] (Microsoft.EntityFrameworkCore.Database.Connection) Closed connection to database '"ims"' on server '"tcp://localhost:5432"' (0ms).
2024-01-11T22:39:28.9356531+08:00 [DBG] (Microsoft.AspNetCore.Mvc.ModelBinding.ModelBinderFactory) Registered model binder providers, in the following order: ["Microsoft.AspNetCore.Mvc.ModelBinding.Binders.BinderTypeModelBinderProvider", "Microsoft.AspNetCore.Mvc.ModelBinding.Binders.ServicesModelBinderProvider", "Microsoft.AspNetCore.Mvc.ModelBinding.Binders.BodyModelBinderProvider", "Microsoft.AspNetCore.Mvc.ModelBinding.Binders.HeaderModelBinderProvider", "Microsoft.AspNetCore.Mvc.ModelBinding.Binders.FloatingPointTypeModelBinderProvider", "Microsoft.AspNetCore.Mvc.ModelBinding.Binders.EnumTypeModelBinderProvider", "Microsoft.AspNetCore.Mvc.ModelBinding.Binders.DateTimeModelBinderProvider", "Microsoft.AspNetCore.Mvc.ModelBinding.Binders.SimpleTypeModelBinderProvider", "Microsoft.AspNetCore.Mvc.ModelBinding.Binders.TryParseModelBinderProvider", "Microsoft.AspNetCore.Mvc.ModelBinding.Binders.CancellationTokenModelBinderProvider", "Microsoft.AspNetCore.Mvc.ModelBinding.Binders.ByteArrayModelBinderProvider", "Microsoft.AspNetCore.Mvc.ModelBinding.Binders.FormFileModelBinderProvider", "Microsoft.AspNetCore.Mvc.ModelBinding.Binders.FormCollectionModelBinderProvider", "Microsoft.AspNetCore.Mvc.ModelBinding.Binders.KeyValuePairModelBinderProvider", "Microsoft.AspNetCore.Mvc.ModelBinding.Binders.DictionaryModelBinderProvider", "Microsoft.AspNetCore.Mvc.ModelBinding.Binders.ArrayModelBinderProvider", "Microsoft.AspNetCore.Mvc.ModelBinding.Binders.CollectionModelBinderProvider", "Microsoft.AspNetCore.Mvc.ModelBinding.Binders.ComplexObjectModelBinderProvider"]
2024-01-11T22:39:29.1376810+08:00 [DBG] (Microsoft.Extensions.Hosting.Internal.Host) Hosting starting
2024-01-11T22:39:29.2388430+08:00 [INF] (Microsoft.Hosting.Lifetime) Now listening on: "http://localhost:5000"
2024-01-11T22:39:29.2389983+08:00 [DBG] (Microsoft.AspNetCore.Hosting.Diagnostics) Loaded hosting startup assembly "IMS.WebApi"
2024-01-11T22:39:29.2393285+08:00 [INF] (Microsoft.Hosting.Lifetime) Application started. Press Ctrl+C to shut down.
2024-01-11T22:39:29.2395525+08:00 [INF] (Microsoft.Hosting.Lifetime) Hosting environment: "Development"
2024-01-11T22:39:29.2395982+08:00 [INF] (Microsoft.Hosting.Lifetime) Content root path: "/home/aliuddin/Documents/projek sendiri/code/IMS/IMS.WebApi"
2024-01-11T22:39:29.2396618+08:00 [DBG] (Microsoft.Extensions.Hosting.Internal.Host) Hosting started
2024-01-11T22:39:29.5454676+08:00 [DBG] (Microsoft.AspNetCore.Server.Kestrel.Connections) Connection id ""0HN0IMCF3NH1G"" accepted.
2024-01-11T22:39:29.5464860+08:00 [DBG] (Microsoft.AspNetCore.Server.Kestrel.Connections) Connection id ""0HN0IMCF3NH1H"" accepted.
2024-01-11T22:39:29.5989163+08:00 [DBG] (Microsoft.AspNetCore.Server.Kestrel.Connections) Connection id ""0HN0IMCF3NH1G"" started.
2024-01-11T22:39:29.5989450+08:00 [DBG] (Microsoft.AspNetCore.Server.Kestrel.Connections) Connection id ""0HN0IMCF3NH1H"" started.
2024-01-11T22:39:29.6516836+08:00 [INF] (Microsoft.AspNetCore.Hosting.Diagnostics) Request starting "HTTP/1.1" "GET" "http"://"localhost:5000""""/swagger/index.html""" - null null
2024-01-11T22:39:29.6591519+08:00 [DBG] (Microsoft.AspNetCore.HostFiltering.HostFilteringMiddleware) Wildcard detected, all requests with hosts will be allowed.
2024-01-11T22:39:29.6820427+08:00 [DBG] (Microsoft.AspNetCore.Routing.Matching.DfaMatcher) No candidates found for the request path '"/swagger/index.html"'
2024-01-11T22:39:29.6827383+08:00 [DBG] (Microsoft.AspNetCore.Routing.EndpointRoutingMiddleware) Request did not match any endpoints
2024-01-11T22:39:29.8128563+08:00 [DBG] (Microsoft.AspNetCore.Server.Kestrel.Connections) Connection id ""0HN0IMCF3NH1G"" completed keep alive response.
2024-01-11T22:39:29.8147196+08:00 [INF] (Microsoft.AspNetCore.Hosting.Diagnostics) Request finished "HTTP/1.1" "GET" "http"://"localhost:5000""""/swagger/index.html""" - 200 null "text/html;charset=utf-8" 165.5779ms
2024-01-11T22:39:30.0205270+08:00 [INF] (Microsoft.AspNetCore.Hosting.Diagnostics) Request starting "HTTP/1.1" "GET" "http"://"localhost:5000""""/swagger/v1/swagger.json""" - null null
2024-01-11T22:39:30.0210635+08:00 [DBG] (Microsoft.AspNetCore.Routing.Matching.DfaMatcher) No candidates found for the request path '"/swagger/v1/swagger.json"'
2024-01-11T22:39:30.0211289+08:00 [DBG] (Microsoft.AspNetCore.Routing.EndpointRoutingMiddleware) Request did not match any endpoints
2024-01-11T22:39:30.1736907+08:00 [DBG] (Microsoft.AspNetCore.Server.Kestrel.Connections) Connection id ""0HN0IMCF3NH1G"" completed keep alive response.
2024-01-11T22:39:30.1739208+08:00 [INF] (Microsoft.AspNetCore.Hosting.Diagnostics) Request finished "HTTP/1.1" "GET" "http"://"localhost:5000""""/swagger/v1/swagger.json""" - 200 null "application/json;charset=utf-8" 153.4379ms
2024-01-11T22:39:33.6918927+08:00 [DBG] (Microsoft.AspNetCore.Server.Kestrel.Connections) Connection id ""0HN0IMCF3NH1I"" accepted.
2024-01-11T22:39:33.6925775+08:00 [DBG] (Microsoft.AspNetCore.Server.Kestrel.Connections) Connection id ""0HN0IMCF3NH1I"" started.
2024-01-11T22:39:33.6938833+08:00 [INF] (Microsoft.AspNetCore.Hosting.Diagnostics) Request starting "HTTP/1.1" "POST" "http"://"localhost:5000""""/api/authentication/login""" - "application/json; charset=UTF-8" 71
2024-01-11T22:39:33.6988718+08:00 [DBG] (Microsoft.AspNetCore.Routing.Matching.DfaMatcher) 1 candidate(s) found for the request path '"/api/authentication/login"'
2024-01-11T22:39:33.7012368+08:00 [DBG] (Microsoft.AspNetCore.Routing.Matching.DfaMatcher) Endpoint '"IMS.WebApi.Controllers.AuthenticateController.Login (IMS.WebApi)"' with route pattern '"api/authentication/login"' is valid for the request path '"/api/authentication/login"'
2024-01-11T22:39:33.7016160+08:00 [DBG] (Microsoft.AspNetCore.Routing.EndpointRoutingMiddleware) Request matched endpoint '"IMS.WebApi.Controllers.AuthenticateController.Login (IMS.WebApi)"'
2024-01-11T22:39:33.7030980+08:00 [DBG] (Microsoft.AspNetCore.StaticFiles.StaticFileMiddleware) Static files was skipped as the request already matched an endpoint.
2024-01-11T22:39:33.8735432+08:00 [DBG] (Microsoft.EntityFrameworkCore.Infrastructure) An 'IServiceProvider' was created for internal use by Entity Framework.
2024-01-11T22:39:33.9076675+08:00 [INF] (Microsoft.AspNetCore.Routing.EndpointMiddleware) Executing endpoint '"IMS.WebApi.Controllers.AuthenticateController.Login (IMS.WebApi)"'
2024-01-11T22:39:33.9275252+08:00 [INF] (Microsoft.AspNetCore.Mvc.Infrastructure.ControllerActionInvoker) Route matched with "{action = \"Login\", controller = \"Authenticate\"}". Executing controller action with signature "System.Threading.Tasks.Task`1[Microsoft.AspNetCore.Mvc.IActionResult] Login(IMS.Infrastructure.Dto.LoginDto)" on controller "IMS.WebApi.Controllers.AuthenticateController" ("IMS.WebApi").
2024-01-11T22:39:33.9312475+08:00 [DBG] (Microsoft.AspNetCore.Mvc.Infrastructure.ControllerActionInvoker) Execution plan of "authorization" filters (in the following order): ["None"]
2024-01-11T22:39:33.9314187+08:00 [DBG] (Microsoft.AspNetCore.Mvc.Infrastructure.ControllerActionInvoker) Execution plan of "resource" filters (in the following order): ["None"]
2024-01-11T22:39:33.9324854+08:00 [DBG] (Microsoft.AspNetCore.Mvc.Infrastructure.ControllerActionInvoker) Execution plan of "action" filters (in the following order): ["Microsoft.AspNetCore.Mvc.ModelBinding.UnsupportedContentTypeFilter (Order: -3000)", "Microsoft.AspNetCore.Mvc.Infrastructure.ModelStateInvalidFilter (Order: -2000)"]
2024-01-11T22:39:33.9325865+08:00 [DBG] (Microsoft.AspNetCore.Mvc.Infrastructure.ControllerActionInvoker) Execution plan of "exception" filters (in the following order): ["None"]
2024-01-11T22:39:33.9326985+08:00 [DBG] (Microsoft.AspNetCore.Mvc.Infrastructure.ControllerActionInvoker) Execution plan of "result" filters (in the following order): ["Microsoft.AspNetCore.Mvc.Infrastructure.ClientErrorResultFilter (Order: -2000)"]
2024-01-11T22:39:33.9344646+08:00 [DBG] (Microsoft.AspNetCore.Mvc.Infrastructure.ControllerActionInvoker) Executing controller factory for controller "IMS.WebApi.Controllers.AuthenticateController" ("IMS.WebApi")
2024-01-11T22:39:33.9361045+08:00 [DBG] (Microsoft.AspNetCore.Mvc.Infrastructure.ControllerActionInvoker) Executed controller factory for controller "IMS.WebApi.Controllers.AuthenticateController" ("IMS.WebApi")
2024-01-11T22:39:33.9401545+08:00 [DBG] (Microsoft.AspNetCore.Mvc.ModelBinding.ParameterBinder) Attempting to bind parameter '"login"' of type '"IMS.Infrastructure.Dto.LoginDto"' ...
2024-01-11T22:39:33.9419606+08:00 [DBG] (Microsoft.AspNetCore.Mvc.ModelBinding.Binders.BodyModelBinder) Attempting to bind parameter '"login"' of type '"IMS.Infrastructure.Dto.LoginDto"' using the name '""' in request data ...
2024-01-11T22:39:33.9427059+08:00 [DBG] (Microsoft.AspNetCore.Mvc.ModelBinding.Binders.BodyModelBinder) Selected input formatter '"Microsoft.AspNetCore.Mvc.Formatters.SystemTextJsonInputFormatter"' for content type '"application/json; charset=UTF-8"'.
2024-01-11T22:39:33.9560977+08:00 [DBG] (Microsoft.AspNetCore.Server.Kestrel) Connection id ""0HN0IMCF3NH1I"", Request id ""0HN0IMCF3NH1I:00000001"": started reading request body.
2024-01-11T22:39:33.9564649+08:00 [DBG] (Microsoft.AspNetCore.Server.Kestrel) Connection id ""0HN0IMCF3NH1I"", Request id ""0HN0IMCF3NH1I:00000001"": done reading request body.
2024-01-11T22:39:33.9679084+08:00 [DBG] (Microsoft.AspNetCore.Mvc.Formatters.SystemTextJsonInputFormatter) JSON input formatter succeeded, deserializing to type '"IMS.Infrastructure.Dto.LoginDto"'
2024-01-11T22:39:33.9683267+08:00 [DBG] (Microsoft.AspNetCore.Mvc.ModelBinding.Binders.BodyModelBinder) Done attempting to bind parameter '"login"' of type '"IMS.Infrastructure.Dto.LoginDto"'.
2024-01-11T22:39:33.9684036+08:00 [DBG] (Microsoft.AspNetCore.Mvc.ModelBinding.ParameterBinder) Done attempting to bind parameter '"login"' of type '"IMS.Infrastructure.Dto.LoginDto"'.
2024-01-11T22:39:33.9684891+08:00 [DBG] (Microsoft.AspNetCore.Mvc.ModelBinding.ParameterBinder) Attempting to validate the bound parameter '"login"' of type '"IMS.Infrastructure.Dto.LoginDto"' ...
2024-01-11T22:39:33.9742037+08:00 [DBG] (Microsoft.AspNetCore.Mvc.ModelBinding.ParameterBinder) Done attempting to validate the bound parameter '"login"' of type '"IMS.Infrastructure.Dto.LoginDto"'.
2024-01-11T22:39:33.9833734+08:00 [INF] (Microsoft.AspNetCore.Mvc.Infrastructure.ControllerActionInvoker) Executing action method "IMS.WebApi.Controllers.AuthenticateController.Login (IMS.WebApi)" - Validation state: Valid
2024-01-11T22:39:36.8512060+08:00 [DBG] (Microsoft.EntityFrameworkCore.Infrastructure) An additional 'IServiceProvider' was created for internal use by Entity Framework. An existing service provider was not used due to the following configuration changes: "configuration added for 'Naming:UseNamingConvention'".
2024-01-11T22:39:38.1243296+08:00 [DBG] (Microsoft.EntityFrameworkCore.Infrastructure) Entity Framework Core "8.0.0" initialized '"ImsContext"' using provider '"Npgsql.EntityFrameworkCore.PostgreSQL":"8.0.0+2539d1f4bd0d429cbae20336d531d14938a54297"' with options: "using NodaTime using snake-case naming  (culture=)"
2024-01-11T22:39:38.1656238+08:00 [DBG] (Microsoft.EntityFrameworkCore.Query) Compiling query expression: "
"'"DbSet<TblUser>()
    .SingleOrDefault(o => o.EmailAddress == __ToLowerInvariant_0)"'
2024-01-11T22:39:38.3486790+08:00 [DBG] (Microsoft.EntityFrameworkCore.Query) Generated query execution expression: "
"'"queryContext => ShapedQueryCompilingExpressionVisitor.SingleOrDefaultAsync<TblUser>(
    asyncEnumerable: new SingleQueryingEnumerable<TblUser>(
        (RelationalQueryContext)queryContext, 
        RelationalCommandCache.QueryExpression(
            Projection Mapping:
                EmptyProjectionMember -> Dictionary<IProperty, int> { [Property: TblBase.Id (Guid) Required PK AfterSave:Throw ValueGenerated.OnAdd, 0], [Property: TblBase.TimestampCreated (Instant) Required ValueGenerated.OnAdd, 1], [Property: TblBase.TimestampUpdated (Instant) Required, 2], [Property: TblUser.EmailAddress (_emailAddress, string) Required Index MaxLength(100), 3], [Property: TblUser.PasswordHash (string) MaxLength(200), 4], [Property: TblUser.PasswordSalt (string) MaxLength(100), 5], [Property: TblUser.Roles (UserRole[]) Required Element type: UserRole Required, 6], [Property: TblUser.Status (UserStatus) Required, 7], [Property: TblUser.Type (AccountType) Required, 8] }
            SELECT TOP(2) t.id, t.timestamp_created, t.timestamp_updated, t.email_address, t.password_hash, t.password_salt, t.roles, t.status, t.type
            FROM tbl_user AS t
            WHERE t.email_address == @__ToLowerInvariant_0), 
        null, 
        Func<QueryContext, DbDataReader, ResultContext, SingleQueryResultCoordinator, TblUser>, 
        IMS.Infrastructure.DbContext.IMS.ImsContext, 
        False, 
        False, 
        True
    ), 
    cancellationToken: queryContext.CancellationToken)"'
2024-01-11T22:39:38.3893644+08:00 [DBG] (Microsoft.EntityFrameworkCore.Database.Connection) Creating DbConnection.
2024-01-11T22:39:38.3954577+08:00 [DBG] (Microsoft.EntityFrameworkCore.Database.Connection) Created DbConnection. (2ms).
2024-01-11T22:39:38.3993439+08:00 [DBG] (Microsoft.EntityFrameworkCore.Database.Connection) Opening connection to database '"ims"' on server '"tcp://localhost:5432"'.
2024-01-11T22:39:38.7423644+08:00 [DBG] (Microsoft.EntityFrameworkCore.Database.Connection) Opened connection to database '"ims"' on server '"tcp://localhost:5432"'.
2024-01-11T22:39:38.7494961+08:00 [DBG] (Microsoft.EntityFrameworkCore.Database.Command) Creating DbCommand for '"ExecuteReader"'.
2024-01-11T22:39:38.7580213+08:00 [DBG] (Microsoft.EntityFrameworkCore.Database.Command) Created DbCommand for '"ExecuteReader"' (4ms).
2024-01-11T22:39:38.7649947+08:00 [DBG] (Microsoft.EntityFrameworkCore.Database.Command) Initialized DbCommand for '"ExecuteReader"' (16ms).
2024-01-11T22:39:38.7757753+08:00 [DBG] (Microsoft.EntityFrameworkCore.Database.Command) Executing DbCommand [Parameters=["@__ToLowerInvariant_0='?'"], CommandType='Text', CommandTimeout='30']"
""SELECT t.id, t.timestamp_created, t.timestamp_updated, t.email_address, t.password_hash, t.password_salt, t.roles, t.status, t.type
FROM tbl_user AS t
WHERE t.email_address = @__ToLowerInvariant_0
LIMIT 2"
2024-01-11T22:39:38.8986972+08:00 [INF] (Microsoft.EntityFrameworkCore.Database.Command) Executed DbCommand ("126"ms) [Parameters=["@__ToLowerInvariant_0='?'"], CommandType='Text', CommandTimeout='30']"
""SELECT t.id, t.timestamp_created, t.timestamp_updated, t.email_address, t.password_hash, t.password_salt, t.roles, t.status, t.type
FROM tbl_user AS t
WHERE t.email_address = @__ToLowerInvariant_0
LIMIT 2"
2024-01-11T22:39:39.0569848+08:00 [DBG] (Microsoft.EntityFrameworkCore.ChangeTracking) Context '"ImsContext"' started tracking '"TblUser"' entity. Consider using 'DbContextOptionsBuilder.EnableSensitiveDataLogging' to see key values.
2024-01-11T22:39:39.0970234+08:00 [DBG] (Microsoft.EntityFrameworkCore.Database.Command) Closing data reader to '"ims"' on server '"tcp://localhost:5432"'.
2024-01-11T22:39:39.1089765+08:00 [DBG] (Microsoft.EntityFrameworkCore.Database.Command) A data reader for '"ims"' on server '"tcp://localhost:5432"' is being disposed after spending 201ms reading results.
2024-01-11T22:39:39.1154327+08:00 [DBG] (Microsoft.EntityFrameworkCore.Database.Connection) Closing connection to database '"ims"' on server '"tcp://localhost:5432"'.
2024-01-11T22:39:39.1219189+08:00 [DBG] (Microsoft.EntityFrameworkCore.Database.Connection) Closed connection to database '"ims"' on server '"tcp://localhost:5432"' (6ms).
2024-01-11T22:39:41.0729424+08:00 [DBG] (Microsoft.EntityFrameworkCore.Query) Compiling query expression: "
"'"DbSet<TblStudent>()
    .Select(o => new { 
        UserId = o.UserId, 
        Id = o.Id
     })
    .SingleOrDefault(o => o.UserId == __userId_0)"'
2024-01-11T22:39:41.0847184+08:00 [DBG] (Microsoft.EntityFrameworkCore.Query) Generated query execution expression: "
"'"queryContext => ShapedQueryCompilingExpressionVisitor.SingleOrDefaultAsync<<>f__AnonymousType0<Guid, Guid>>(
    asyncEnumerable: new SingleQueryingEnumerable<<>f__AnonymousType0<Guid, Guid>>(
        (RelationalQueryContext)queryContext, 
        RelationalCommandCache.QueryExpression(
            Projection Mapping:
                UserId -> 0
                Id -> 1
            SELECT TOP(2) t.user_id AS UserId, t.id AS Id
            FROM tbl_student AS t
            WHERE t.user_id == @__userId_0), 
        null, 
        Func<QueryContext, DbDataReader, ResultContext, SingleQueryResultCoordinator, <>f__AnonymousType0<Guid, Guid>>, 
        IMS.Infrastructure.DbContext.IMS.ImsContext, 
        False, 
        False, 
        True
    ), 
    cancellationToken: queryContext.CancellationToken)"'
2024-01-11T22:39:41.0859091+08:00 [DBG] (Microsoft.EntityFrameworkCore.Database.Connection) Opening connection to database '"ims"' on server '"tcp://localhost:5432"'.
2024-01-11T22:39:41.0863576+08:00 [DBG] (Microsoft.EntityFrameworkCore.Database.Connection) Opened connection to database '"ims"' on server '"tcp://localhost:5432"'.
2024-01-11T22:39:41.0865674+08:00 [DBG] (Microsoft.EntityFrameworkCore.Database.Command) Creating DbCommand for '"ExecuteReader"'.
2024-01-11T22:39:41.0866245+08:00 [DBG] (Microsoft.EntityFrameworkCore.Database.Command) Created DbCommand for '"ExecuteReader"' (0ms).
2024-01-11T22:39:41.0867021+08:00 [DBG] (Microsoft.EntityFrameworkCore.Database.Command) Initialized DbCommand for '"ExecuteReader"' (0ms).
2024-01-11T22:39:41.0868012+08:00 [DBG] (Microsoft.EntityFrameworkCore.Database.Command) Executing DbCommand [Parameters=["@__userId_0='?' (DbType = Guid)"], CommandType='Text', CommandTimeout='30']"
""SELECT t.user_id AS \"UserId\", t.id AS \"Id\"
FROM tbl_student AS t
WHERE t.user_id = @__userId_0
LIMIT 2"
2024-01-11T22:39:41.1408083+08:00 [INF] (Microsoft.EntityFrameworkCore.Database.Command) Executed DbCommand ("33"ms) [Parameters=["@__userId_0='?' (DbType = Guid)"], CommandType='Text', CommandTimeout='30']"
""SELECT t.user_id AS \"UserId\", t.id AS \"Id\"
FROM tbl_student AS t
WHERE t.user_id = @__userId_0
LIMIT 2"
2024-01-11T22:39:41.1418430+08:00 [DBG] (Microsoft.EntityFrameworkCore.Database.Command) Closing data reader to '"ims"' on server '"tcp://localhost:5432"'.
2024-01-11T22:39:41.1420055+08:00 [DBG] (Microsoft.EntityFrameworkCore.Database.Command) A data reader for '"ims"' on server '"tcp://localhost:5432"' is being disposed after spending 0ms reading results.
2024-01-11T22:39:41.1421730+08:00 [DBG] (Microsoft.EntityFrameworkCore.Database.Connection) Closing connection to database '"ims"' on server '"tcp://localhost:5432"'.
2024-01-11T22:39:41.1423609+08:00 [DBG] (Microsoft.EntityFrameworkCore.Database.Connection) Closed connection to database '"ims"' on server '"tcp://localhost:5432"' (0ms).
2024-01-11T22:40:35.8550011+08:00 [INF] (Microsoft.AspNetCore.Mvc.Infrastructure.ControllerActionInvoker) Executed action method "IMS.WebApi.Controllers.AuthenticateController.Login (IMS.WebApi)", returned result "Microsoft.AspNetCore.Mvc.OkResult" in 61867.9757ms.
2024-01-11T22:40:35.8605832+08:00 [INF] (Microsoft.AspNetCore.Mvc.StatusCodeResult) Executing StatusCodeResult, setting HTTP status code 200
2024-01-11T22:40:35.8652536+08:00 [INF] (Microsoft.AspNetCore.Mvc.Infrastructure.ControllerActionInvoker) Executed action "IMS.WebApi.Controllers.AuthenticateController.Login (IMS.WebApi)" in 61928.8107ms
2024-01-11T22:40:35.8659554+08:00 [INF] (Microsoft.AspNetCore.Routing.EndpointMiddleware) Executed endpoint '"IMS.WebApi.Controllers.AuthenticateController.Login (IMS.WebApi)"'
2024-01-11T22:40:35.8710815+08:00 [DBG] (Microsoft.AspNetCore.Server.Kestrel.Transport.Sockets) Connection id ""0HN0IMCF3NH1I"" received FIN.
2024-01-11T22:40:35.8717684+08:00 [DBG] (Microsoft.AspNetCore.Server.Kestrel.Transport.Sockets) Connection id ""0HN0IMCF3NH1I"" sending FIN because: ""The Socket transport's send loop completed gracefully.""
2024-01-11T22:40:35.8732345+08:00 [DBG] (Microsoft.EntityFrameworkCore.Infrastructure) '"ImsContext"' disposed.
2024-01-11T22:40:35.8771749+08:00 [DBG] (Microsoft.AspNetCore.Server.Kestrel.Connections) Connection id ""0HN0IMCF3NH1I"" disconnecting.
2024-01-11T22:40:35.8791505+08:00 [DBG] (Microsoft.EntityFrameworkCore.Database.Connection) Disposing connection to database '"ims"' on server '"tcp://localhost:5432"'.
2024-01-11T22:40:35.8815424+08:00 [DBG] (Microsoft.EntityFrameworkCore.Database.Connection) Disposed connection to database '"ims"' on server '"tcp://localhost:5432"' (2ms).
2024-01-11T22:40:35.8822665+08:00 [INF] (Microsoft.AspNetCore.Hosting.Diagnostics) Request finished "HTTP/1.1" "POST" "http"://"localhost:5000""""/api/authentication/login""" - 200 0 null 62188.3566ms
2024-01-11T22:40:35.8854007+08:00 [DBG] (Microsoft.AspNetCore.Server.Kestrel.Connections) Connection id ""0HN0IMCF3NH1I"" stopped.
