2024-01-12T19:13:51.5464842+08:00 [DBG] (Microsoft.AspNetCore.Mvc.ModelBinding.ModelBinderFactory) Registered model binder providers, in the following order: ["Microsoft.AspNetCore.Mvc.ModelBinding.Binders.BinderTypeModelBinderProvider", "Microsoft.AspNetCore.Mvc.ModelBinding.Binders.ServicesModelBinderProvider", "Microsoft.AspNetCore.Mvc.ModelBinding.Binders.BodyModelBinderProvider", "Microsoft.AspNetCore.Mvc.ModelBinding.Binders.HeaderModelBinderProvider", "Microsoft.AspNetCore.Mvc.ModelBinding.Binders.FloatingPointTypeModelBinderProvider", "Microsoft.AspNetCore.Mvc.ModelBinding.Binders.EnumTypeModelBinderProvider", "Microsoft.AspNetCore.Mvc.ModelBinding.Binders.DateTimeModelBinderProvider", "Microsoft.AspNetCore.Mvc.ModelBinding.Binders.SimpleTypeModelBinderProvider", "Microsoft.AspNetCore.Mvc.ModelBinding.Binders.TryParseModelBinderProvider", "Microsoft.AspNetCore.Mvc.ModelBinding.Binders.CancellationTokenModelBinderProvider", "Microsoft.AspNetCore.Mvc.ModelBinding.Binders.ByteArrayModelBinderProvider", "Microsoft.AspNetCore.Mvc.ModelBinding.Binders.FormFileModelBinderProvider", "Microsoft.AspNetCore.Mvc.ModelBinding.Binders.FormCollectionModelBinderProvider", "Microsoft.AspNetCore.Mvc.ModelBinding.Binders.KeyValuePairModelBinderProvider", "Microsoft.AspNetCore.Mvc.ModelBinding.Binders.DictionaryModelBinderProvider", "Microsoft.AspNetCore.Mvc.ModelBinding.Binders.ArrayModelBinderProvider", "Microsoft.AspNetCore.Mvc.ModelBinding.Binders.CollectionModelBinderProvider", "Microsoft.AspNetCore.Mvc.ModelBinding.Binders.ComplexObjectModelBinderProvider"]
2024-01-12T19:13:51.7872197+08:00 [DBG] (Microsoft.Extensions.Hosting.Internal.Host) Hosting starting
2024-01-12T19:13:51.9026407+08:00 [INF] (Microsoft.Hosting.Lifetime) Now listening on: "http://localhost:5000"
2024-01-12T19:13:51.9027955+08:00 [DBG] (Microsoft.AspNetCore.Hosting.Diagnostics) Loaded hosting startup assembly "IMS.WebApi"
2024-01-12T19:13:51.9031338+08:00 [INF] (Microsoft.Hosting.Lifetime) Application started. Press Ctrl+C to shut down.
2024-01-12T19:13:51.9034142+08:00 [INF] (Microsoft.Hosting.Lifetime) Hosting environment: "Development"
2024-01-12T19:13:51.9034645+08:00 [INF] (Microsoft.Hosting.Lifetime) Content root path: "/home/aliuddin/Documents/projek sendiri/code/IMS/IMS.WebApi"
2024-01-12T19:13:51.9035345+08:00 [DBG] (Microsoft.Extensions.Hosting.Internal.Host) Hosting started
2024-01-12T19:13:52.0614968+08:00 [DBG] (Microsoft.AspNetCore.Server.Kestrel.Connections) Connection id ""0HN0JBU7ETPSM"" accepted.
2024-01-12T19:13:52.0620617+08:00 [DBG] (Microsoft.AspNetCore.Server.Kestrel.Connections) Connection id ""0HN0JBU7ETPSN"" accepted.
2024-01-12T19:13:52.0623243+08:00 [DBG] (Microsoft.AspNetCore.Server.Kestrel.Connections) Connection id ""0HN0JBU7ETPSM"" started.
2024-01-12T19:13:52.0623301+08:00 [DBG] (Microsoft.AspNetCore.Server.Kestrel.Connections) Connection id ""0HN0JBU7ETPSN"" started.
2024-01-12T19:13:52.0998166+08:00 [INF] (Microsoft.AspNetCore.Hosting.Diagnostics) Request starting "HTTP/1.1" "GET" "http"://"localhost:5000""""/swagger/index.html""" - null null
2024-01-12T19:13:52.1039945+08:00 [DBG] (Microsoft.AspNetCore.HostFiltering.HostFilteringMiddleware) Wildcard detected, all requests with hosts will be allowed.
2024-01-12T19:13:52.1216260+08:00 [DBG] (Microsoft.AspNetCore.Routing.Matching.DfaMatcher) No candidates found for the request path '"/swagger/index.html"'
2024-01-12T19:13:52.1220089+08:00 [DBG] (Microsoft.AspNetCore.Routing.EndpointRoutingMiddleware) Request did not match any endpoints
2024-01-12T19:13:52.2385677+08:00 [DBG] (Microsoft.AspNetCore.Server.Kestrel.Connections) Connection id ""0HN0JBU7ETPSM"" completed keep alive response.
2024-01-12T19:13:52.2403737+08:00 [INF] (Microsoft.AspNetCore.Hosting.Diagnostics) Request finished "HTTP/1.1" "GET" "http"://"localhost:5000""""/swagger/index.html""" - 200 null "text/html;charset=utf-8" 141.5862ms
2024-01-12T19:13:52.4861031+08:00 [INF] (Microsoft.AspNetCore.Hosting.Diagnostics) Request starting "HTTP/1.1" "GET" "http"://"localhost:5000""""/swagger/v1/swagger.json""" - null null
2024-01-12T19:13:52.4871548+08:00 [DBG] (Microsoft.AspNetCore.Routing.Matching.DfaMatcher) No candidates found for the request path '"/swagger/v1/swagger.json"'
2024-01-12T19:13:52.4872229+08:00 [DBG] (Microsoft.AspNetCore.Routing.EndpointRoutingMiddleware) Request did not match any endpoints
2024-01-12T19:13:52.6251745+08:00 [DBG] (Microsoft.AspNetCore.Server.Kestrel.Connections) Connection id ""0HN0JBU7ETPSM"" completed keep alive response.
2024-01-12T19:13:52.6255170+08:00 [INF] (Microsoft.AspNetCore.Hosting.Diagnostics) Request finished "HTTP/1.1" "GET" "http"://"localhost:5000""""/swagger/v1/swagger.json""" - 200 null "application/json;charset=utf-8" 139.5203ms
2024-01-12T19:14:05.6205502+08:00 [INF] (Microsoft.AspNetCore.Hosting.Diagnostics) Request starting "HTTP/1.1" "GET" "http"://"localhost:5000""""/api/course/getall""" - null null
2024-01-12T19:14:05.6459783+08:00 [DBG] (Microsoft.AspNetCore.Routing.Matching.DfaMatcher) 1 candidate(s) found for the request path '"/api/course/getall"'
2024-01-12T19:14:05.6485094+08:00 [DBG] (Microsoft.AspNetCore.Routing.Matching.DfaMatcher) Endpoint '"IMS.WebApi.Controllers.CourseController.GetAllCourseDetails (IMS.WebApi)"' with route pattern '"api/course/getall"' is valid for the request path '"/api/course/getall"'
2024-01-12T19:14:05.6489135+08:00 [DBG] (Microsoft.AspNetCore.Routing.EndpointRoutingMiddleware) Request matched endpoint '"IMS.WebApi.Controllers.CourseController.GetAllCourseDetails (IMS.WebApi)"'
2024-01-12T19:14:05.6506131+08:00 [DBG] (Microsoft.AspNetCore.StaticFiles.StaticFileMiddleware) Static files was skipped as the request already matched an endpoint.
2024-01-12T19:14:05.8634258+08:00 [DBG] (Microsoft.EntityFrameworkCore.Infrastructure) An 'IServiceProvider' was created for internal use by Entity Framework.
2024-01-12T19:14:05.8919703+08:00 [INF] (Microsoft.AspNetCore.Routing.EndpointMiddleware) Executing endpoint '"IMS.WebApi.Controllers.CourseController.GetAllCourseDetails (IMS.WebApi)"'
2024-01-12T19:14:05.9048373+08:00 [INF] (Microsoft.AspNetCore.Mvc.Infrastructure.ControllerActionInvoker) Route matched with "{action = \"GetAllCourseDetails\", controller = \"Course\"}". Executing controller action with signature "System.Threading.Tasks.Task`1[Microsoft.AspNetCore.Mvc.IActionResult] GetAllCourseDetails()" on controller "IMS.WebApi.Controllers.CourseController" ("IMS.WebApi").
2024-01-12T19:14:05.9080625+08:00 [DBG] (Microsoft.AspNetCore.Mvc.Infrastructure.ControllerActionInvoker) Execution plan of "authorization" filters (in the following order): ["IMS.Application.Attributes.AuthorizeAttribute"]
2024-01-12T19:14:05.9081894+08:00 [DBG] (Microsoft.AspNetCore.Mvc.Infrastructure.ControllerActionInvoker) Execution plan of "resource" filters (in the following order): ["None"]
2024-01-12T19:14:05.9089875+08:00 [DBG] (Microsoft.AspNetCore.Mvc.Infrastructure.ControllerActionInvoker) Execution plan of "action" filters (in the following order): ["Microsoft.AspNetCore.Mvc.ModelBinding.UnsupportedContentTypeFilter (Order: -3000)", "Microsoft.AspNetCore.Mvc.Infrastructure.ModelStateInvalidFilter (Order: -2000)"]
2024-01-12T19:14:05.9090745+08:00 [DBG] (Microsoft.AspNetCore.Mvc.Infrastructure.ControllerActionInvoker) Execution plan of "exception" filters (in the following order): ["None"]
2024-01-12T19:14:05.9091611+08:00 [DBG] (Microsoft.AspNetCore.Mvc.Infrastructure.ControllerActionInvoker) Execution plan of "result" filters (in the following order): ["Microsoft.AspNetCore.Mvc.Infrastructure.ClientErrorResultFilter (Order: -2000)"]
2024-01-12T19:14:19.5496594+08:00 [DBG] (Microsoft.Extensions.Localization.ResourceManagerStringLocalizer) ResourceManagerStringLocalizer searched for '"NoValidAction"' in '"IMS.Infrastructure.Resources.GlobalResource"' with culture '"en-US"'.
2024-01-12T19:14:24.4701184+08:00 [INF] (Microsoft.AspNetCore.Mvc.Infrastructure.ControllerActionInvoker) Executed action "IMS.WebApi.Controllers.CourseController.GetAllCourseDetails (IMS.WebApi)" in 18553.9569ms
2024-01-12T19:14:24.4721553+08:00 [INF] (Microsoft.AspNetCore.Routing.EndpointMiddleware) Executed endpoint '"IMS.WebApi.Controllers.CourseController.GetAllCourseDetails (IMS.WebApi)"'
2024-01-12T19:14:24.7898009+08:00 [DBG] (Microsoft.AspNetCore.Server.Kestrel.Connections) Connection id ""0HN0JBU7ETPSM"" completed keep alive response.
2024-01-12T19:14:24.7922615+08:00 [INF] (Microsoft.AspNetCore.Hosting.Diagnostics) Request finished "HTTP/1.1" "GET" "http"://"localhost:5000""""/api/course/getall""" - 500 null "application/problem+json" 19171.6308ms
