2024-01-19T16:24:08.6257070+08:00 [DBG] (Microsoft.AspNetCore.Mvc.ModelBinding.ModelBinderFactory) Registered model binder providers, in the following order: ["Microsoft.AspNetCore.Mvc.ModelBinding.Binders.BinderTypeModelBinderProvider", "Microsoft.AspNetCore.Mvc.ModelBinding.Binders.ServicesModelBinderProvider", "Microsoft.AspNetCore.Mvc.ModelBinding.Binders.BodyModelBinderProvider", "Microsoft.AspNetCore.Mvc.ModelBinding.Binders.HeaderModelBinderProvider", "Microsoft.AspNetCore.Mvc.ModelBinding.Binders.FloatingPointTypeModelBinderProvider", "Microsoft.AspNetCore.Mvc.ModelBinding.Binders.EnumTypeModelBinderProvider", "Microsoft.AspNetCore.Mvc.ModelBinding.Binders.DateTimeModelBinderProvider", "Microsoft.AspNetCore.Mvc.ModelBinding.Binders.SimpleTypeModelBinderProvider", "Microsoft.AspNetCore.Mvc.ModelBinding.Binders.TryParseModelBinderProvider", "Microsoft.AspNetCore.Mvc.ModelBinding.Binders.CancellationTokenModelBinderProvider", "Microsoft.AspNetCore.Mvc.ModelBinding.Binders.ByteArrayModelBinderProvider", "Microsoft.AspNetCore.Mvc.ModelBinding.Binders.FormFileModelBinderProvider", "Microsoft.AspNetCore.Mvc.ModelBinding.Binders.FormCollectionModelBinderProvider", "Microsoft.AspNetCore.Mvc.ModelBinding.Binders.KeyValuePairModelBinderProvider", "Microsoft.AspNetCore.Mvc.ModelBinding.Binders.DictionaryModelBinderProvider", "Microsoft.AspNetCore.Mvc.ModelBinding.Binders.ArrayModelBinderProvider", "Microsoft.AspNetCore.Mvc.ModelBinding.Binders.CollectionModelBinderProvider", "Microsoft.AspNetCore.Mvc.ModelBinding.Binders.ComplexObjectModelBinderProvider"]
2024-01-19T16:24:08.7971579+08:00 [DBG] (Microsoft.Extensions.Hosting.Internal.Host) Hosting starting
2024-01-19T16:24:09.1771651+08:00 [INF] (Microsoft.Hosting.Lifetime) Now listening on: "https://localhost:5001"
2024-01-19T16:24:09.1772757+08:00 [INF] (Microsoft.Hosting.Lifetime) Now listening on: "http://localhost:5000"
2024-01-19T16:24:09.1773654+08:00 [DBG] (Microsoft.AspNetCore.Hosting.Diagnostics) Loaded hosting startup assembly "IMS.WebApi"
2024-01-19T16:24:09.1776632+08:00 [INF] (Microsoft.Hosting.Lifetime) Application started. Press Ctrl+C to shut down.
2024-01-19T16:24:09.1781213+08:00 [INF] (Microsoft.Hosting.Lifetime) Hosting environment: "Development"
2024-01-19T16:24:09.1781619+08:00 [INF] (Microsoft.Hosting.Lifetime) Content root path: "/home/aliuddin/Documents/projek sendiri/code/IMS/IMS.WebApi"
2024-01-19T16:24:09.1782433+08:00 [DBG] (Microsoft.Extensions.Hosting.Internal.Host) Hosting started
2024-01-19T16:30:58.7919373+08:00 [DBG] (Microsoft.AspNetCore.Mvc.ModelBinding.ModelBinderFactory) Registered model binder providers, in the following order: ["Microsoft.AspNetCore.Mvc.ModelBinding.Binders.BinderTypeModelBinderProvider", "Microsoft.AspNetCore.Mvc.ModelBinding.Binders.ServicesModelBinderProvider", "Microsoft.AspNetCore.Mvc.ModelBinding.Binders.BodyModelBinderProvider", "Microsoft.AspNetCore.Mvc.ModelBinding.Binders.HeaderModelBinderProvider", "Microsoft.AspNetCore.Mvc.ModelBinding.Binders.FloatingPointTypeModelBinderProvider", "Microsoft.AspNetCore.Mvc.ModelBinding.Binders.EnumTypeModelBinderProvider", "Microsoft.AspNetCore.Mvc.ModelBinding.Binders.DateTimeModelBinderProvider", "Microsoft.AspNetCore.Mvc.ModelBinding.Binders.SimpleTypeModelBinderProvider", "Microsoft.AspNetCore.Mvc.ModelBinding.Binders.TryParseModelBinderProvider", "Microsoft.AspNetCore.Mvc.ModelBinding.Binders.CancellationTokenModelBinderProvider", "Microsoft.AspNetCore.Mvc.ModelBinding.Binders.ByteArrayModelBinderProvider", "Microsoft.AspNetCore.Mvc.ModelBinding.Binders.FormFileModelBinderProvider", "Microsoft.AspNetCore.Mvc.ModelBinding.Binders.FormCollectionModelBinderProvider", "Microsoft.AspNetCore.Mvc.ModelBinding.Binders.KeyValuePairModelBinderProvider", "Microsoft.AspNetCore.Mvc.ModelBinding.Binders.DictionaryModelBinderProvider", "Microsoft.AspNetCore.Mvc.ModelBinding.Binders.ArrayModelBinderProvider", "Microsoft.AspNetCore.Mvc.ModelBinding.Binders.CollectionModelBinderProvider", "Microsoft.AspNetCore.Mvc.ModelBinding.Binders.ComplexObjectModelBinderProvider"]
2024-01-19T16:30:58.9376806+08:00 [DBG] (Microsoft.Extensions.Hosting.Internal.Host) Hosting starting
2024-01-19T16:30:59.2429313+08:00 [INF] (Microsoft.Hosting.Lifetime) Now listening on: "https://localhost:5001"
2024-01-19T16:30:59.2430265+08:00 [INF] (Microsoft.Hosting.Lifetime) Now listening on: "http://localhost:5000"
2024-01-19T16:30:59.2431365+08:00 [DBG] (Microsoft.AspNetCore.Hosting.Diagnostics) Loaded hosting startup assembly "IMS.WebApi"
2024-01-19T16:30:59.2434403+08:00 [INF] (Microsoft.Hosting.Lifetime) Application started. Press Ctrl+C to shut down.
2024-01-19T16:30:59.2437089+08:00 [INF] (Microsoft.Hosting.Lifetime) Hosting environment: "Development"
2024-01-19T16:30:59.2437566+08:00 [INF] (Microsoft.Hosting.Lifetime) Content root path: "/home/aliuddin/Documents/projek sendiri/code/IMS/IMS.WebApi"
2024-01-19T16:30:59.2438219+08:00 [DBG] (Microsoft.Extensions.Hosting.Internal.Host) Hosting started
2024-01-19T16:31:41.0477009+08:00 [DBG] (Microsoft.AspNetCore.Mvc.ModelBinding.ModelBinderFactory) Registered model binder providers, in the following order: ["Microsoft.AspNetCore.Mvc.ModelBinding.Binders.BinderTypeModelBinderProvider", "Microsoft.AspNetCore.Mvc.ModelBinding.Binders.ServicesModelBinderProvider", "Microsoft.AspNetCore.Mvc.ModelBinding.Binders.BodyModelBinderProvider", "Microsoft.AspNetCore.Mvc.ModelBinding.Binders.HeaderModelBinderProvider", "Microsoft.AspNetCore.Mvc.ModelBinding.Binders.FloatingPointTypeModelBinderProvider", "Microsoft.AspNetCore.Mvc.ModelBinding.Binders.EnumTypeModelBinderProvider", "Microsoft.AspNetCore.Mvc.ModelBinding.Binders.DateTimeModelBinderProvider", "Microsoft.AspNetCore.Mvc.ModelBinding.Binders.SimpleTypeModelBinderProvider", "Microsoft.AspNetCore.Mvc.ModelBinding.Binders.TryParseModelBinderProvider", "Microsoft.AspNetCore.Mvc.ModelBinding.Binders.CancellationTokenModelBinderProvider", "Microsoft.AspNetCore.Mvc.ModelBinding.Binders.ByteArrayModelBinderProvider", "Microsoft.AspNetCore.Mvc.ModelBinding.Binders.FormFileModelBinderProvider", "Microsoft.AspNetCore.Mvc.ModelBinding.Binders.FormCollectionModelBinderProvider", "Microsoft.AspNetCore.Mvc.ModelBinding.Binders.KeyValuePairModelBinderProvider", "Microsoft.AspNetCore.Mvc.ModelBinding.Binders.DictionaryModelBinderProvider", "Microsoft.AspNetCore.Mvc.ModelBinding.Binders.ArrayModelBinderProvider", "Microsoft.AspNetCore.Mvc.ModelBinding.Binders.CollectionModelBinderProvider", "Microsoft.AspNetCore.Mvc.ModelBinding.Binders.ComplexObjectModelBinderProvider"]
2024-01-19T16:31:41.1929336+08:00 [DBG] (Microsoft.Extensions.Hosting.Internal.Host) Hosting starting
2024-01-19T16:31:41.5026661+08:00 [INF] (Microsoft.Hosting.Lifetime) Now listening on: "https://localhost:5001"
2024-01-19T16:31:41.5028862+08:00 [INF] (Microsoft.Hosting.Lifetime) Now listening on: "http://localhost:5000"
2024-01-19T16:31:41.5030281+08:00 [DBG] (Microsoft.AspNetCore.Hosting.Diagnostics) Loaded hosting startup assembly "IMS.WebApi"
2024-01-19T16:31:41.5033207+08:00 [INF] (Microsoft.Hosting.Lifetime) Application started. Press Ctrl+C to shut down.
2024-01-19T16:31:41.5036816+08:00 [INF] (Microsoft.Hosting.Lifetime) Hosting environment: "Development"
2024-01-19T16:31:41.5037381+08:00 [INF] (Microsoft.Hosting.Lifetime) Content root path: "/home/aliuddin/Documents/projek sendiri/code/IMS/IMS.WebApi"
2024-01-19T16:31:41.5038263+08:00 [DBG] (Microsoft.Extensions.Hosting.Internal.Host) Hosting started
2024-01-19T16:32:25.3583529+08:00 [DBG] (Microsoft.AspNetCore.Server.Kestrel.Connections) Connection id ""0HN0OP4L1J4OA"" accepted.
2024-01-19T16:32:25.3591056+08:00 [DBG] (Microsoft.AspNetCore.Server.Kestrel.Connections) Connection id ""0HN0OP4L1J4OB"" accepted.
2024-01-19T16:32:25.3593380+08:00 [DBG] (Microsoft.AspNetCore.Server.Kestrel.Connections) Connection id ""0HN0OP4L1J4OA"" started.
2024-01-19T16:32:25.3593390+08:00 [DBG] (Microsoft.AspNetCore.Server.Kestrel.Connections) Connection id ""0HN0OP4L1J4OB"" started.
2024-01-19T16:32:25.3946958+08:00 [INF] (Microsoft.AspNetCore.Hosting.Diagnostics) Request starting "HTTP/1.1" "GET" "http"://"localhost:5000""""/swagger/index.html""" - null null
2024-01-19T16:32:25.3972445+08:00 [DBG] (Microsoft.AspNetCore.HostFiltering.HostFilteringMiddleware) Wildcard detected, all requests with hosts will be allowed.
2024-01-19T16:32:25.4141170+08:00 [DBG] (Microsoft.AspNetCore.Routing.Matching.DfaMatcher) No candidates found for the request path '"/swagger/index.html"'
2024-01-19T16:32:25.4145789+08:00 [DBG] (Microsoft.AspNetCore.Routing.EndpointRoutingMiddleware) Request did not match any endpoints
2024-01-19T16:32:25.4979742+08:00 [DBG] (Microsoft.AspNetCore.Server.Kestrel.Connections) Connection id ""0HN0OP4L1J4OA"" completed keep alive response.
2024-01-19T16:32:25.4998176+08:00 [INF] (Microsoft.AspNetCore.Hosting.Diagnostics) Request finished "HTTP/1.1" "GET" "http"://"localhost:5000""""/swagger/index.html""" - 200 null "text/html;charset=utf-8" 105.8262ms
2024-01-19T16:32:25.6375699+08:00 [INF] (Microsoft.AspNetCore.Hosting.Diagnostics) Request starting "HTTP/1.1" "GET" "http"://"localhost:5000""""/swagger/swagger-ui.css""" - null null
2024-01-19T16:32:25.6383624+08:00 [DBG] (Microsoft.AspNetCore.Routing.Matching.DfaMatcher) No candidates found for the request path '"/swagger/swagger-ui.css"'
2024-01-19T16:32:25.6384797+08:00 [DBG] (Microsoft.AspNetCore.Routing.EndpointRoutingMiddleware) Request did not match any endpoints
2024-01-19T16:32:25.6402936+08:00 [INF] (Microsoft.AspNetCore.Hosting.Diagnostics) Request starting "HTTP/1.1" "GET" "http"://"localhost:5000""""/swagger/swagger-ui-bundle.js""" - null null
2024-01-19T16:32:25.6404421+08:00 [DBG] (Microsoft.AspNetCore.Routing.Matching.DfaMatcher) No candidates found for the request path '"/swagger/swagger-ui-bundle.js"'
2024-01-19T16:32:25.6608465+08:00 [DBG] (Microsoft.AspNetCore.Routing.EndpointRoutingMiddleware) Request did not match any endpoints
2024-01-19T16:32:25.7061980+08:00 [DBG] (Microsoft.AspNetCore.Server.Kestrel.Connections) Connection id ""0HN0OP4L1J4OC"" accepted.
2024-01-19T16:32:25.7063551+08:00 [DBG] (Microsoft.AspNetCore.Server.Kestrel.Connections) Connection id ""0HN0OP4L1J4OC"" started.
2024-01-19T16:32:25.7271576+08:00 [INF] (Microsoft.AspNetCore.Hosting.Diagnostics) Request starting "HTTP/1.1" "GET" "http"://"localhost:5000""""/swagger/swagger-ui-standalone-preset.js""" - null null
2024-01-19T16:32:25.7272776+08:00 [DBG] (Microsoft.AspNetCore.Routing.Matching.DfaMatcher) No candidates found for the request path '"/swagger/swagger-ui-standalone-preset.js"'
2024-01-19T16:32:25.7273455+08:00 [DBG] (Microsoft.AspNetCore.Routing.EndpointRoutingMiddleware) Request did not match any endpoints
2024-01-19T16:32:25.8577702+08:00 [INF] (Microsoft.AspNetCore.StaticFiles.StaticFileMiddleware) Sending file. Request path: '"/swagger-ui-bundle.js"'. Physical path: '"N/A"'
2024-01-19T16:32:25.8577671+08:00 [INF] (Microsoft.AspNetCore.StaticFiles.StaticFileMiddleware) Sending file. Request path: '"/swagger-ui.css"'. Physical path: '"N/A"'
2024-01-19T16:32:25.8577730+08:00 [INF] (Microsoft.AspNetCore.StaticFiles.StaticFileMiddleware) Sending file. Request path: '"/swagger-ui-standalone-preset.js"'. Physical path: '"N/A"'
2024-01-19T16:32:25.8589380+08:00 [DBG] (Microsoft.AspNetCore.Server.Kestrel.Connections) Connection id ""0HN0OP4L1J4OB"" completed keep alive response.
2024-01-19T16:32:25.8589379+08:00 [DBG] (Microsoft.AspNetCore.Server.Kestrel.Connections) Connection id ""0HN0OP4L1J4OC"" completed keep alive response.
2024-01-19T16:32:25.8589378+08:00 [DBG] (Microsoft.AspNetCore.Server.Kestrel.Connections) Connection id ""0HN0OP4L1J4OA"" completed keep alive response.
2024-01-19T16:32:25.8599691+08:00 [INF] (Microsoft.AspNetCore.Hosting.Diagnostics) Request finished "HTTP/1.1" "GET" "http"://"localhost:5000""""/swagger/swagger-ui.css""" - 200 144929 "text/css" 221.827ms
2024-01-19T16:32:25.8599643+08:00 [INF] (Microsoft.AspNetCore.Hosting.Diagnostics) Request finished "HTTP/1.1" "GET" "http"://"localhost:5000""""/swagger/swagger-ui-standalone-preset.js""" - 200 312163 "text/javascript" 132.1213ms
2024-01-19T16:32:25.8601428+08:00 [INF] (Microsoft.AspNetCore.Hosting.Diagnostics) Request finished "HTTP/1.1" "GET" "http"://"localhost:5000""""/swagger/swagger-ui-bundle.js""" - 200 1061536 "text/javascript" 218.9955ms
2024-01-19T16:32:26.0129346+08:00 [INF] (Microsoft.AspNetCore.Hosting.Diagnostics) Request starting "HTTP/1.1" "GET" "http"://"localhost:5000""""/swagger/v1/swagger.json""" - null null
2024-01-19T16:32:26.0130853+08:00 [DBG] (Microsoft.AspNetCore.Routing.Matching.DfaMatcher) No candidates found for the request path '"/swagger/v1/swagger.json"'
2024-01-19T16:32:26.0131458+08:00 [DBG] (Microsoft.AspNetCore.Routing.EndpointRoutingMiddleware) Request did not match any endpoints
2024-01-19T16:32:26.1258576+08:00 [DBG] (Microsoft.AspNetCore.Server.Kestrel.Connections) Connection id ""0HN0OP4L1J4OB"" completed keep alive response.
2024-01-19T16:32:26.1261859+08:00 [INF] (Microsoft.AspNetCore.Hosting.Diagnostics) Request finished "HTTP/1.1" "GET" "http"://"localhost:5000""""/swagger/v1/swagger.json""" - 200 null "application/json;charset=utf-8" 113.216ms
