2024-01-09T17:39:30.0925291+08:00 [WRN] (Microsoft.AspNetCore.HttpsPolicy.HttpsRedirectionMiddleware) Failed to determine the https port for redirect.
2024-01-09T18:53:58.2936688+08:00 [WRN] (Microsoft.AspNetCore.HttpsPolicy.HttpsRedirectionMiddleware) Failed to determine the https port for redirect.
2024-01-09T18:54:46.1132650+08:00 [WRN] (Microsoft.AspNetCore.HttpsPolicy.HttpsRedirectionMiddleware) Failed to determine the https port for redirect.
2024-01-09T18:55:58.5168879+08:00 [WRN] (Microsoft.AspNetCore.HttpsPolicy.HttpsRedirectionMiddleware) Failed to determine the https port for redirect.
2024-01-09T18:58:07.7632952+08:00 [WRN] (Microsoft.AspNetCore.HttpsPolicy.HttpsRedirectionMiddleware) Failed to determine the https port for redirect.
2024-01-09T18:58:46.2341415+08:00 [WRN] (Microsoft.AspNetCore.HttpsPolicy.HttpsRedirectionMiddleware) Failed to determine the https port for redirect.
2024-01-09T19:00:21.0608186+08:00 [WRN] (Microsoft.AspNetCore.HttpsPolicy.HttpsRedirectionMiddleware) Failed to determine the https port for redirect.
2024-01-09T19:01:08.4088070+08:00 [WRN] (Microsoft.AspNetCore.HttpsPolicy.HttpsRedirectionMiddleware) Failed to determine the https port for redirect.
2024-01-09T19:05:33.2382481+08:00 [WRN] (Microsoft.AspNetCore.HttpsPolicy.HttpsRedirectionMiddleware) Failed to determine the https port for redirect.
2024-01-09T19:12:16.2891357+08:00 [WRN] (Microsoft.AspNetCore.HttpsPolicy.HttpsRedirectionMiddleware) Failed to determine the https port for redirect.
2024-01-09T19:13:03.8551768+08:00 [WRN] (Microsoft.AspNetCore.HttpsPolicy.HttpsRedirectionMiddleware) Failed to determine the https port for redirect.
2024-01-09T19:14:48.6084844+08:00 [WRN] (Microsoft.AspNetCore.HttpsPolicy.HttpsRedirectionMiddleware) Failed to determine the https port for redirect.
2024-01-09T19:25:49.0258440+08:00 [WRN] (Microsoft.AspNetCore.HttpsPolicy.HttpsRedirectionMiddleware) Failed to determine the https port for redirect.
2024-01-09T19:37:21.0217796+08:00 [WRN] (Microsoft.AspNetCore.HttpsPolicy.HttpsRedirectionMiddleware) Failed to determine the https port for redirect.
2024-01-09T19:39:56.1247681+08:00 [WRN] (Microsoft.AspNetCore.HttpsPolicy.HttpsRedirectionMiddleware) Failed to determine the https port for redirect.
2024-01-09T19:44:54.9105205+08:00 [WRN] (Microsoft.AspNetCore.HttpsPolicy.HttpsRedirectionMiddleware) Failed to determine the https port for redirect.
2024-01-09T22:44:57.3485776+08:00 [WRN] (Microsoft.AspNetCore.HttpsPolicy.HttpsRedirectionMiddleware) Failed to determine the https port for redirect.
2024-01-09T22:44:58.5543699+08:00 [WRN] (Microsoft.EntityFrameworkCore.Model.Validation) The entity type '"TblBase"' is using the table per concrete type mapping strategy, but property '"Id"' is configured with an incompatible database-generated default. Configure a compatible value generation strategy if available, or use non-generated key values.
2024-01-09T22:53:41.4991645+08:00 [WRN] (Microsoft.AspNetCore.HttpsPolicy.HttpsRedirectionMiddleware) Failed to determine the https port for redirect.
2024-01-09T22:53:42.6682452+08:00 [WRN] (Microsoft.EntityFrameworkCore.Model.Validation) The entity type '"TblBase"' is using the table per concrete type mapping strategy, but property '"Id"' is configured with an incompatible database-generated default. Configure a compatible value generation strategy if available, or use non-generated key values.
2024-01-09T22:53:57.7472868+08:00 [ERR] (Microsoft.EntityFrameworkCore.Database.Command) Failed executing DbCommand ("147"ms) [Parameters=["@p8='?' (DbType = Guid), @p0='?' (DbType = Boolean), @p1='?' (DbType = Boolean), @p2='?', @p3='?' (DbType = DateTime), @p4='?' (DbType = DateTime), @p5='?' (DbType = DateTime), @p6='?' (DbType = Guid), @p7='?' (DbType = Object), @p17='?' (DbType = Guid), @p9='?', @p10='?', @p11='?', @p12='?' (DbType = Object), @p13='?' (DbType = Object), @p14='?' (DbType = DateTime), @p15='?' (DbType = DateTime), @p16='?' (DbType = Object)"], CommandType='Text', CommandTimeout='30']"
""UPDATE tbl_reset_password SET is_first_time_user = @p0, is_used = @p1, reset_key = @p2, timestamp_created = @p3, timestamp_send = @p4, timestamp_updated = @p5, user_id = @p6, validity = @p7
WHERE id = @p8;
UPDATE tbl_user SET email = @p9, password_hash = @p10, password_salt = @p11, roles = @p12, status = @p13, timestamp_created = @p14, timestamp_updated = @p15, type = @p16
WHERE id = @p17;"
2024-01-09T22:53:57.7762685+08:00 [ERR] (Microsoft.EntityFrameworkCore.Update) An exception occurred in the database while saving changes for context type '"IMS.Infrastructure.DbContext.IMS.ImsContext"'."
""Microsoft.EntityFrameworkCore.DbUpdateException: An error occurred while saving the entity changes. See the inner exception for details.
 ---> Npgsql.PostgresException (0x80004005): 23502: null value in column \"email\" of relation \"tbl_user\" violates not-null constraint

DETAIL: Detail redacted as it may contain sensitive data. Specify 'Include Error Detail' in the connection string to include this information.
   at Npgsql.Internal.NpgsqlConnector.ReadMessageLong(Boolean async, DataRowLoadingMode dataRowLoadingMode, Boolean readingNotifications, Boolean isReadingPrependedMessage)
   at System.Runtime.CompilerServices.PoolingAsyncValueTaskMethodBuilder`1.StateMachineBox`1.System.Threading.Tasks.Sources.IValueTaskSource<TResult>.GetResult(Int16 token)
   at Npgsql.NpgsqlDataReader.NextResult(Boolean async, Boolean isConsuming, CancellationToken cancellationToken)
   at Npgsql.NpgsqlDataReader.NextResult(Boolean async, Boolean isConsuming, CancellationToken cancellationToken)
   at Npgsql.NpgsqlCommand.ExecuteReader(Boolean async, CommandBehavior behavior, CancellationToken cancellationToken)
   at Npgsql.NpgsqlCommand.ExecuteReader(Boolean async, CommandBehavior behavior, CancellationToken cancellationToken)
   at Npgsql.NpgsqlCommand.ExecuteDbDataReaderAsync(CommandBehavior behavior, CancellationToken cancellationToken)
   at Microsoft.EntityFrameworkCore.Storage.RelationalCommand.ExecuteReaderAsync(RelationalCommandParameterObject parameterObject, CancellationToken cancellationToken)
   at Microsoft.EntityFrameworkCore.Storage.RelationalCommand.ExecuteReaderAsync(RelationalCommandParameterObject parameterObject, CancellationToken cancellationToken)
   at Microsoft.EntityFrameworkCore.Update.ReaderModificationCommandBatch.ExecuteAsync(IRelationalConnection connection, CancellationToken cancellationToken)
  Exception data:
    Severity: ERROR
    SqlState: 23502
    MessageText: null value in column \"email\" of relation \"tbl_user\" violates not-null constraint
    Detail: Detail redacted as it may contain sensitive data. Specify 'Include Error Detail' in the connection string to include this information.
    SchemaName: public
    TableName: tbl_user
    ColumnName: email
    File: execMain.c
    Line: 2003
    Routine: ExecConstraints
   --- End of inner exception stack trace ---
   at Microsoft.EntityFrameworkCore.Update.ReaderModificationCommandBatch.ExecuteAsync(IRelationalConnection connection, CancellationToken cancellationToken)
   at Microsoft.EntityFrameworkCore.Update.Internal.BatchExecutor.ExecuteAsync(IEnumerable`1 commandBatches, IRelationalConnection connection, CancellationToken cancellationToken)
   at Microsoft.EntityFrameworkCore.Update.Internal.BatchExecutor.ExecuteAsync(IEnumerable`1 commandBatches, IRelationalConnection connection, CancellationToken cancellationToken)
   at Microsoft.EntityFrameworkCore.Update.Internal.BatchExecutor.ExecuteAsync(IEnumerable`1 commandBatches, IRelationalConnection connection, CancellationToken cancellationToken)
   at Microsoft.EntityFrameworkCore.ChangeTracking.Internal.StateManager.SaveChangesAsync(IList`1 entriesToSave, CancellationToken cancellationToken)
   at Microsoft.EntityFrameworkCore.ChangeTracking.Internal.StateManager.SaveChangesAsync(StateManager stateManager, Boolean acceptAllChangesOnSuccess, CancellationToken cancellationToken)
   at Npgsql.EntityFrameworkCore.PostgreSQL.Storage.Internal.NpgsqlExecutionStrategy.ExecuteAsync[TState,TResult](TState state, Func`4 operation, Func`4 verifySucceeded, CancellationToken cancellationToken)
   at Microsoft.EntityFrameworkCore.DbContext.SaveChangesAsync(Boolean acceptAllChangesOnSuccess, CancellationToken cancellationToken)"
Microsoft.EntityFrameworkCore.DbUpdateException: An error occurred while saving the entity changes. See the inner exception for details.
 ---> Npgsql.PostgresException (0x80004005): 23502: null value in column "email" of relation "tbl_user" violates not-null constraint

DETAIL: Detail redacted as it may contain sensitive data. Specify 'Include Error Detail' in the connection string to include this information.
   at Npgsql.Internal.NpgsqlConnector.ReadMessageLong(Boolean async, DataRowLoadingMode dataRowLoadingMode, Boolean readingNotifications, Boolean isReadingPrependedMessage)
   at System.Runtime.CompilerServices.PoolingAsyncValueTaskMethodBuilder`1.StateMachineBox`1.System.Threading.Tasks.Sources.IValueTaskSource<TResult>.GetResult(Int16 token)
   at Npgsql.NpgsqlDataReader.NextResult(Boolean async, Boolean isConsuming, CancellationToken cancellationToken)
   at Npgsql.NpgsqlDataReader.NextResult(Boolean async, Boolean isConsuming, CancellationToken cancellationToken)
   at Npgsql.NpgsqlCommand.ExecuteReader(Boolean async, CommandBehavior behavior, CancellationToken cancellationToken)
   at Npgsql.NpgsqlCommand.ExecuteReader(Boolean async, CommandBehavior behavior, CancellationToken cancellationToken)
   at Npgsql.NpgsqlCommand.ExecuteDbDataReaderAsync(CommandBehavior behavior, CancellationToken cancellationToken)
   at Microsoft.EntityFrameworkCore.Storage.RelationalCommand.ExecuteReaderAsync(RelationalCommandParameterObject parameterObject, CancellationToken cancellationToken)
   at Microsoft.EntityFrameworkCore.Storage.RelationalCommand.ExecuteReaderAsync(RelationalCommandParameterObject parameterObject, CancellationToken cancellationToken)
   at Microsoft.EntityFrameworkCore.Update.ReaderModificationCommandBatch.ExecuteAsync(IRelationalConnection connection, CancellationToken cancellationToken)
  Exception data:
    Severity: ERROR
    SqlState: 23502
    MessageText: null value in column "email" of relation "tbl_user" violates not-null constraint
    Detail: Detail redacted as it may contain sensitive data. Specify 'Include Error Detail' in the connection string to include this information.
    SchemaName: public
    TableName: tbl_user
    ColumnName: email
    File: execMain.c
    Line: 2003
    Routine: ExecConstraints
   --- End of inner exception stack trace ---
   at Microsoft.EntityFrameworkCore.Update.ReaderModificationCommandBatch.ExecuteAsync(IRelationalConnection connection, CancellationToken cancellationToken)
   at Microsoft.EntityFrameworkCore.Update.Internal.BatchExecutor.ExecuteAsync(IEnumerable`1 commandBatches, IRelationalConnection connection, CancellationToken cancellationToken)
   at Microsoft.EntityFrameworkCore.Update.Internal.BatchExecutor.ExecuteAsync(IEnumerable`1 commandBatches, IRelationalConnection connection, CancellationToken cancellationToken)
   at Microsoft.EntityFrameworkCore.Update.Internal.BatchExecutor.ExecuteAsync(IEnumerable`1 commandBatches, IRelationalConnection connection, CancellationToken cancellationToken)
   at Microsoft.EntityFrameworkCore.ChangeTracking.Internal.StateManager.SaveChangesAsync(IList`1 entriesToSave, CancellationToken cancellationToken)
   at Microsoft.EntityFrameworkCore.ChangeTracking.Internal.StateManager.SaveChangesAsync(StateManager stateManager, Boolean acceptAllChangesOnSuccess, CancellationToken cancellationToken)
   at Npgsql.EntityFrameworkCore.PostgreSQL.Storage.Internal.NpgsqlExecutionStrategy.ExecuteAsync[TState,TResult](TState state, Func`4 operation, Func`4 verifySucceeded, CancellationToken cancellationToken)
   at Microsoft.EntityFrameworkCore.DbContext.SaveChangesAsync(Boolean acceptAllChangesOnSuccess, CancellationToken cancellationToken)
2024-01-09T23:15:52.7784223+08:00 [WRN] (Microsoft.AspNetCore.HttpsPolicy.HttpsRedirectionMiddleware) Failed to determine the https port for redirect.
2024-01-09T23:15:53.7544971+08:00 [WRN] (Microsoft.EntityFrameworkCore.Model.Validation) The entity type '"TblBase"' is using the table per concrete type mapping strategy, but property '"Id"' is configured with an incompatible database-generated default. Configure a compatible value generation strategy if available, or use non-generated key values.
2024-01-09T23:18:59.2879177+08:00 [WRN] (Microsoft.AspNetCore.HttpsPolicy.HttpsRedirectionMiddleware) Failed to determine the https port for redirect.
2024-01-09T23:19:00.2537677+08:00 [WRN] (Microsoft.EntityFrameworkCore.Model.Validation) The entity type '"TblBase"' is using the table per concrete type mapping strategy, but property '"Id"' is configured with an incompatible database-generated default. Configure a compatible value generation strategy if available, or use non-generated key values.
2024-01-09T23:23:26.0134171+08:00 [WRN] (Microsoft.AspNetCore.HttpsPolicy.HttpsRedirectionMiddleware) Failed to determine the https port for redirect.
2024-01-09T23:23:26.9957385+08:00 [WRN] (Microsoft.EntityFrameworkCore.Model.Validation) The entity type '"TblBase"' is using the table per concrete type mapping strategy, but property '"Id"' is configured with an incompatible database-generated default. Configure a compatible value generation strategy if available, or use non-generated key values.
2024-01-09T23:26:23.5529007+08:00 [WRN] (Microsoft.AspNetCore.HttpsPolicy.HttpsRedirectionMiddleware) Failed to determine the https port for redirect.
2024-01-09T23:26:24.5275835+08:00 [WRN] (Microsoft.EntityFrameworkCore.Model.Validation) The entity type '"TblBase"' is using the table per concrete type mapping strategy, but property '"Id"' is configured with an incompatible database-generated default. Configure a compatible value generation strategy if available, or use non-generated key values.
2024-01-09T23:46:12.9843443+08:00 [WRN] (Microsoft.AspNetCore.HttpsPolicy.HttpsRedirectionMiddleware) Failed to determine the https port for redirect.
2024-01-09T23:46:13.9999681+08:00 [WRN] (Microsoft.EntityFrameworkCore.Model.Validation) The entity type '"TblBase"' is using the table per concrete type mapping strategy, but property '"Id"' is configured with an incompatible database-generated default. Configure a compatible value generation strategy if available, or use non-generated key values.
2024-01-09T23:56:35.6739512+08:00 [WRN] (Microsoft.AspNetCore.HttpsPolicy.HttpsRedirectionMiddleware) Failed to determine the https port for redirect.
2024-01-09T23:56:36.9858711+08:00 [WRN] (Microsoft.EntityFrameworkCore.Model.Validation) The entity type '"TblBase"' is using the table per concrete type mapping strategy, but property '"Id"' is configured with an incompatible database-generated default. Configure a compatible value generation strategy if available, or use non-generated key values.
2024-01-09T23:59:20.1846895+08:00 [WRN] (Microsoft.AspNetCore.HttpsPolicy.HttpsRedirectionMiddleware) Failed to determine the https port for redirect.
2024-01-09T23:59:21.1628200+08:00 [WRN] (Microsoft.EntityFrameworkCore.Model.Validation) The entity type '"TblBase"' is using the table per concrete type mapping strategy, but property '"Id"' is configured with an incompatible database-generated default. Configure a compatible value generation strategy if available, or use non-generated key values.
