2024-01-14T12:10:44.4565315+08:00 [WRN] (Microsoft.AspNetCore.HttpsPolicy.HttpsRedirectionMiddleware) Failed to determine the https port for redirect.
2024-01-14T12:10:45.6208087+08:00 [WRN] (Microsoft.EntityFrameworkCore.Model.Validation) The entity type '"TblBase"' is using the table per concrete type mapping strategy, but property '"Id"' is configured with an incompatible database-generated default. Configure a compatible value generation strategy if available, or use non-generated key values.
2024-01-14T12:11:53.6961634+08:00 [WRN] (Microsoft.AspNetCore.HttpsPolicy.HttpsRedirectionMiddleware) Failed to determine the https port for redirect.
2024-01-14T12:11:54.9656580+08:00 [WRN] (Microsoft.EntityFrameworkCore.Model.Validation) The entity type '"TblBase"' is using the table per concrete type mapping strategy, but property '"Id"' is configured with an incompatible database-generated default. Configure a compatible value generation strategy if available, or use non-generated key values.
2024-01-14T12:23:03.3739326+08:00 [WRN] (Microsoft.AspNetCore.HttpsPolicy.HttpsRedirectionMiddleware) Failed to determine the https port for redirect.
2024-01-14T12:23:04.5941753+08:00 [WRN] (Microsoft.EntityFrameworkCore.Model.Validation) The entity type '"TblBase"' is using the table per concrete type mapping strategy, but property '"Id"' is configured with an incompatible database-generated default. Configure a compatible value generation strategy if available, or use non-generated key values.
2024-01-14T16:09:29.1048287+08:00 [WRN] (Microsoft.AspNetCore.HttpsPolicy.HttpsRedirectionMiddleware) Failed to determine the https port for redirect.
2024-01-14T16:09:30.1165582+08:00 [WRN] (Microsoft.EntityFrameworkCore.Model.Validation) The entity type '"TblBase"' is using the table per concrete type mapping strategy, but property '"Id"' is configured with an incompatible database-generated default. Configure a compatible value generation strategy if available, or use non-generated key values.
2024-01-14T16:09:31.3419902+08:00 [ERR] (Microsoft.EntityFrameworkCore.Database.Command) Failed executing DbCommand ("9"ms) [Parameters=["@p0='?' (DbType = Guid), @p1='?' (DbType = Boolean), @p2='?' (DbType = DateTime), @p3='?' (DbType = DateTime), @p4='?' (DbType = DateTime), @p5='?' (DbType = DateTime), @p6='?' (DbType = DateTime), @p7='?' (DbType = Guid)"], CommandType='Text', CommandTimeout='30']"
""INSERT INTO tbl_login_session (id, is_rejected, timestamp_created, timestamp_end, timestamp_latest_activity, timestamp_start, timestamp_updated, user_id)
VALUES (@p0, @p1, @p2, @p3, @p4, @p5, @p6, @p7);"
2024-01-14T16:09:31.3642146+08:00 [ERR] (Microsoft.EntityFrameworkCore.Update) An exception occurred in the database while saving changes for context type '"IMS.Infrastructure.DbContext.IMS.ImsContext"'."
""Microsoft.EntityFrameworkCore.DbUpdateException: An error occurred while saving the entity changes. See the inner exception for details.
 ---> Npgsql.PostgresException (0x80004005): 42703: column \"timestamp_latest_activity\" of relation \"tbl_login_session\" does not exist

POSITION: 83
   at Npgsql.Internal.NpgsqlConnector.ReadMessageLong(Boolean async, DataRowLoadingMode dataRowLoadingMode, Boolean readingNotifications, Boolean isReadingPrependedMessage)
   at System.Runtime.CompilerServices.PoolingAsyncValueTaskMethodBuilder`1.StateMachineBox`1.System.Threading.Tasks.Sources.IValueTaskSource<TResult>.GetResult(Int16 token)
   at Npgsql.NpgsqlDataReader.NextResult(Boolean async, Boolean isConsuming, CancellationToken cancellationToken)
   at Npgsql.NpgsqlDataReader.NextResult(Boolean async, Boolean isConsuming, CancellationToken cancellationToken)
   at Npgsql.NpgsqlCommand.ExecuteReader(Boolean async, CommandBehavior behavior, CancellationToken cancellationToken)
   at Npgsql.NpgsqlCommand.ExecuteReader(Boolean async, CommandBehavior behavior, CancellationToken cancellationToken)
   at Npgsql.NpgsqlCommand.ExecuteDbDataReaderAsync(CommandBehavior behavior, CancellationToken cancellationToken)
   at Microsoft.EntityFrameworkCore.Storage.RelationalCommand.ExecuteReaderAsync(RelationalCommandParameterObject parameterObject, CancellationToken cancellationToken)
   at Microsoft.EntityFrameworkCore.Storage.RelationalCommand.ExecuteReaderAsync(RelationalCommandParameterObject parameterObject, CancellationToken cancellationToken)
   at Microsoft.EntityFrameworkCore.Update.ReaderModificationCommandBatch.ExecuteAsync(IRelationalConnection connection, CancellationToken cancellationToken)
  Exception data:
    Severity: ERROR
    SqlState: 42703
    MessageText: column \"timestamp_latest_activity\" of relation \"tbl_login_session\" does not exist
    Position: 83
    File: parse_target.c
    Line: 1052
    Routine: checkInsertTargets
   --- End of inner exception stack trace ---
   at Microsoft.EntityFrameworkCore.Update.ReaderModificationCommandBatch.ExecuteAsync(IRelationalConnection connection, CancellationToken cancellationToken)
   at Microsoft.EntityFrameworkCore.Update.Internal.BatchExecutor.ExecuteAsync(IEnumerable`1 commandBatches, IRelationalConnection connection, CancellationToken cancellationToken)
   at Microsoft.EntityFrameworkCore.Update.Internal.BatchExecutor.ExecuteAsync(IEnumerable`1 commandBatches, IRelationalConnection connection, CancellationToken cancellationToken)
   at Microsoft.EntityFrameworkCore.Update.Internal.BatchExecutor.ExecuteAsync(IEnumerable`1 commandBatches, IRelationalConnection connection, CancellationToken cancellationToken)
   at Microsoft.EntityFrameworkCore.ChangeTracking.Internal.StateManager.SaveChangesAsync(IList`1 entriesToSave, CancellationToken cancellationToken)
   at Microsoft.EntityFrameworkCore.ChangeTracking.Internal.StateManager.SaveChangesAsync(StateManager stateManager, Boolean acceptAllChangesOnSuccess, CancellationToken cancellationToken)
   at Npgsql.EntityFrameworkCore.PostgreSQL.Storage.Internal.NpgsqlExecutionStrategy.ExecuteAsync[TState,TResult](TState state, Func`4 operation, Func`4 verifySucceeded, CancellationToken cancellationToken)
   at Microsoft.EntityFrameworkCore.DbContext.SaveChangesAsync(Boolean acceptAllChangesOnSuccess, CancellationToken cancellationToken)"
Microsoft.EntityFrameworkCore.DbUpdateException: An error occurred while saving the entity changes. See the inner exception for details.
 ---> Npgsql.PostgresException (0x80004005): 42703: column "timestamp_latest_activity" of relation "tbl_login_session" does not exist

POSITION: 83
   at Npgsql.Internal.NpgsqlConnector.ReadMessageLong(Boolean async, DataRowLoadingMode dataRowLoadingMode, Boolean readingNotifications, Boolean isReadingPrependedMessage)
   at System.Runtime.CompilerServices.PoolingAsyncValueTaskMethodBuilder`1.StateMachineBox`1.System.Threading.Tasks.Sources.IValueTaskSource<TResult>.GetResult(Int16 token)
   at Npgsql.NpgsqlDataReader.NextResult(Boolean async, Boolean isConsuming, CancellationToken cancellationToken)
   at Npgsql.NpgsqlDataReader.NextResult(Boolean async, Boolean isConsuming, CancellationToken cancellationToken)
   at Npgsql.NpgsqlCommand.ExecuteReader(Boolean async, CommandBehavior behavior, CancellationToken cancellationToken)
   at Npgsql.NpgsqlCommand.ExecuteReader(Boolean async, CommandBehavior behavior, CancellationToken cancellationToken)
   at Npgsql.NpgsqlCommand.ExecuteDbDataReaderAsync(CommandBehavior behavior, CancellationToken cancellationToken)
   at Microsoft.EntityFrameworkCore.Storage.RelationalCommand.ExecuteReaderAsync(RelationalCommandParameterObject parameterObject, CancellationToken cancellationToken)
   at Microsoft.EntityFrameworkCore.Storage.RelationalCommand.ExecuteReaderAsync(RelationalCommandParameterObject parameterObject, CancellationToken cancellationToken)
   at Microsoft.EntityFrameworkCore.Update.ReaderModificationCommandBatch.ExecuteAsync(IRelationalConnection connection, CancellationToken cancellationToken)
  Exception data:
    Severity: ERROR
    SqlState: 42703
    MessageText: column "timestamp_latest_activity" of relation "tbl_login_session" does not exist
    Position: 83
    File: parse_target.c
    Line: 1052
    Routine: checkInsertTargets
   --- End of inner exception stack trace ---
   at Microsoft.EntityFrameworkCore.Update.ReaderModificationCommandBatch.ExecuteAsync(IRelationalConnection connection, CancellationToken cancellationToken)
   at Microsoft.EntityFrameworkCore.Update.Internal.BatchExecutor.ExecuteAsync(IEnumerable`1 commandBatches, IRelationalConnection connection, CancellationToken cancellationToken)
   at Microsoft.EntityFrameworkCore.Update.Internal.BatchExecutor.ExecuteAsync(IEnumerable`1 commandBatches, IRelationalConnection connection, CancellationToken cancellationToken)
   at Microsoft.EntityFrameworkCore.Update.Internal.BatchExecutor.ExecuteAsync(IEnumerable`1 commandBatches, IRelationalConnection connection, CancellationToken cancellationToken)
   at Microsoft.EntityFrameworkCore.ChangeTracking.Internal.StateManager.SaveChangesAsync(IList`1 entriesToSave, CancellationToken cancellationToken)
   at Microsoft.EntityFrameworkCore.ChangeTracking.Internal.StateManager.SaveChangesAsync(StateManager stateManager, Boolean acceptAllChangesOnSuccess, CancellationToken cancellationToken)
   at Npgsql.EntityFrameworkCore.PostgreSQL.Storage.Internal.NpgsqlExecutionStrategy.ExecuteAsync[TState,TResult](TState state, Func`4 operation, Func`4 verifySucceeded, CancellationToken cancellationToken)
   at Microsoft.EntityFrameworkCore.DbContext.SaveChangesAsync(Boolean acceptAllChangesOnSuccess, CancellationToken cancellationToken)
2024-01-14T16:12:09.9959685+08:00 [WRN] (Microsoft.AspNetCore.HttpsPolicy.HttpsRedirectionMiddleware) Failed to determine the https port for redirect.
2024-01-14T16:12:10.9924560+08:00 [WRN] (Microsoft.EntityFrameworkCore.Model.Validation) The entity type '"TblBase"' is using the table per concrete type mapping strategy, but property '"Id"' is configured with an incompatible database-generated default. Configure a compatible value generation strategy if available, or use non-generated key values.
2024-01-14T16:50:48.6614692+08:00 [WRN] (Microsoft.AspNetCore.HttpsPolicy.HttpsRedirectionMiddleware) Failed to determine the https port for redirect.
2024-01-14T16:50:49.5799558+08:00 [WRN] (Microsoft.EntityFrameworkCore.Model.Validation) The entity type '"TblBase"' is using the table per concrete type mapping strategy, but property '"Id"' is configured with an incompatible database-generated default. Configure a compatible value generation strategy if available, or use non-generated key values.
2024-01-14T16:57:49.3818321+08:00 [WRN] (Microsoft.AspNetCore.HttpsPolicy.HttpsRedirectionMiddleware) Failed to determine the https port for redirect.
2024-01-14T16:57:50.4300382+08:00 [WRN] (Microsoft.EntityFrameworkCore.Model.Validation) The entity type '"TblBase"' is using the table per concrete type mapping strategy, but property '"Id"' is configured with an incompatible database-generated default. Configure a compatible value generation strategy if available, or use non-generated key values.
2024-01-14T16:59:27.1688857+08:00 [WRN] (Microsoft.AspNetCore.HttpsPolicy.HttpsRedirectionMiddleware) Failed to determine the https port for redirect.
2024-01-14T16:59:28.1979691+08:00 [WRN] (Microsoft.EntityFrameworkCore.Model.Validation) The entity type '"TblBase"' is using the table per concrete type mapping strategy, but property '"Id"' is configured with an incompatible database-generated default. Configure a compatible value generation strategy if available, or use non-generated key values.
2024-01-14T17:05:08.1203448+08:00 [WRN] (Microsoft.AspNetCore.HttpsPolicy.HttpsRedirectionMiddleware) Failed to determine the https port for redirect.
2024-01-14T17:05:09.2406207+08:00 [WRN] (Microsoft.EntityFrameworkCore.Model.Validation) The entity type '"TblBase"' is using the table per concrete type mapping strategy, but property '"Id"' is configured with an incompatible database-generated default. Configure a compatible value generation strategy if available, or use non-generated key values.
